115
0 16
0 34
0 99
2 48
3 2
4 40
4 65
5 73
6 77
7 21
8 61
8 88
8 97
11 36
12 53
13 22
14 13
16 74
16 95
17 86
18 32
18 60
19 48
19 70
21 79
22 55
23 25
23 28
25 13
25 40
25 93
26 74
27 5
29 58
31 0
31 68
32 54
32 76
33 8
33 15
33 38
34 41
34 93
36 63
37 70
37 85
39 27
39 46
40 36
41 89
42 19
42 77
45 50
47 11
47 75
48 14
48 38
48 96
49 32
50 58
53 68
54 37
54 52
54 62
55 10
55 84
57 26
60 5
60 91
61 23
61 67
63 33
63 85
65 94
65 99
66 19
67 44
68 39
69 65
70 79
70 85
72 2
72 58
73 13
73 32
74 96
75 62
77 82
78 27
78 71
80 97
81 7
81 56
82 0
82 34
82 44
83 29
84 49
85 66
86 5
88 83
90 19
90 59
92 44
93 19
94 62
94 98
95 92
96 16
96 77
97 2
97 36
97 77
98 30
98 46
