108
0 20
0 52
2 62
3 14
3 55
4 37
4 78
4 88
6 5
6 35
7 98
8 76
9 0
9 42
13 9
14 23
14 51
14 83
15 28
16 61
16 98
18 17
19 52
19 78
20 31
20 67
21 3
22 63
24 94
25 0
25 74
26 38
28 6
28 22
29 91
32 41
33 18
33 81
34 9
34 37
34 71
34 77
35 40
35 51
36 56
38 99
39 46
39 77
43 31
44 70
44 99
45 9
45 62
47 15
47 86
49 29
50 86
50 89
51 3
52 8
52 40
53 43
53 67
56 57
56 88
57 26
57 43
58 1
58 53
60 5
60 8
60 63
60 72
61 20
64 93
65 46
66 2
66 24
69 42
70 79
71 32
71 47
71 62
71 95
72 24
72 59
78 10
78 34
80 20
81 0
82 48
83 24
83 68
84 69
85 39
85 91
86 57
87 9
88 24
91 0
93 89
94 56
96 4
96 41
97 66
98 21
98 46
98 75
