196
4 35
4 42
4 70
4 91
5 5
5 20
5 28
5 49
5 54
5 64
5 76
5 85
6 13
6 99
11 84
12 5
12 13
12 22
12 33
12 41
12 51
12 56
12 62
12 68
12 78
13 27
13 92
13 98
19 19
19 70
20 5
20 26
20 34
20 49
20 55
21 12
21 64
21 79
21 84
21 94
22 99
23 42
26 34
26 57
26 65
26 84
27 19
27 41
27 70
27 79
27 99
28 4
28 11
28 48
28 94
29 26
33 20
33 71
34 41
34 56
35 5
35 11
35 27
35 62
35 78
35 93
36 34
36 85
37 48
37 99
41 5
41 27
41 34
41 57
41 65
41 93
42 13
42 42
42 69
42 79
42 85
43 19
43 99
44 49
47 35
47 50
48 20
48 42
48 71
48 99
49 4
49 12
49 28
49 65
49 85
50 79
51 56
51 93
55 19
55 48
55 63
55 71
55 99
56 5
56 11
56 26
56 33
56 78
56 94
57 40
57 57
57 85
62 12
62 34
62 58
63 6
63 27
63 42
63 48
63 72
63 94
64 20
64 63
64 78
64 86
64 99
68 41
69 62
69 85
70 4
70 13
70 20
70 46
70 71
70 77
70 92
70 99
71 27
71 36
71 56
76 19
76 55
77 4
77 11
77 41
77 93
78 27
78 34
78 64
78 70
78 98
79 50
79 78
79 84
83 64
83 79
84 11
84 21
84 42
84 49
84 69
84 85
84 94
85 5
85 35
85 57
85 99
87 28
92 6
92 13
92 35
92 93
92 99
93 28
93 49
93 54
93 64
93 69
93 79
94 21
94 42
94 84
97 63
98 4
98 27
99 12
99 19
99 36
99 41
99 49
99 56
99 68
99 77
99 83
99 92
99 98
