107
0 3
0 23
0 92
1 49
1 60
2 20
2 81
3 74
4 31
5 45
5 66
7 52
8 2
8 80
9 36
9 88
11 13
11 60
13 99
14 0
16 55
16 65
16 83
17 91
18 34
20 45
21 59
22 10
23 1
23 26
25 20
25 66
26 87
28 6
28 73
30 57
31 13
31 97
32 36
33 32
34 43
36 97
37 58
39 18
39 61
41 0
42 84
43 80
45 66
46 14
47 35
47 61
48 0
48 88
49 28
51 86
52 38
53 30
53 94
54 6
54 44
56 65
57 1
58 72
59 24
60 13
61 38
61 42
61 99
63 27
63 56
65 85
66 76
67 55
70 41
72 8
72 49
73 59
73 75
74 16
74 90
75 98
76 1
76 44
76 49
78 31
79 26
79 84
81 60
81 63
81 99
82 77
83 31
83 85
84 69
85 13
85 40
90 18
90 47
90 63
90 95
91 0
92 32
92 90
93 81
96 56
99 76
