# 33580.006006
104
1 65
1 73
2 84
3 2
3 87
4 68
9 50
10 46
10 81
11 24
12 32
14 28
16 64
17 6
17 50
17 82
18 5
18 11
20 35
20 68
21 61
22 42
25 18
25 26
27 35
28 98
29 98
31 26
31 41
31 49
31 64
31 84
32 12
33 78
34 31
34 81
39 62
40 0
40 22
41 38
41 79
42 53
44 71
44 93
45 65
46 39
47 19
47 24
48 87
51 3
51 89
52 9
52 38
52 47
53 52
54 3
55 37
56 75
57 30
58 23
58 51
60 16
61 22
61 27
61 78
63 89
64 60
65 75
66 0
66 46
67 63
69 5
69 41
69 91
70 77
72 13
72 57
74 50
74 71
74 76
74 99
75 31
75 34
76 10
76 95
78 29
79 52
79 83
82 69
84 99
85 21
87 65
87 83
88 40
88 65
88 72
89 3
90 7
91 35
94 85
97 54
97 77
97 93
98 61
