# 113669.920875
196
4 14
4 35
4 42
4 63
4 70
4 91
4 98
5 5
5 21
5 28
5 49
5 56
5 77
5 82
11 21
11 42
11 63
11 84
12 12
12 49
12 56
12 77
12 98
13 27
13 35
13 70
14 4
14 94
19 20
19 40
19 55
19 79
19 84
20 26
20 48
20 99
21 4
21 11
21 34
21 65
21 70
21 94
26 20
26 42
26 51
26 79
26 84
27 13
27 34
27 56
27 65
28 5
28 27
28 67
28 93
28 98
33 19
33 42
33 83
34 27
34 50
34 54
34 78
35 5
35 13
35 33
35 64
35 93
35 99
36 68
40 19
40 40
40 83
41 50
41 54
41 78
42 4
42 11
42 26
42 69
42 94
42 99
43 33
44 64
47 41
48 55
48 79
48 84
49 4
49 12
49 27
49 36
49 94
49 98
50 50
50 65
50 70
51 19
55 20
55 41
55 84
56 5
56 12
56 27
56 52
56 78
56 93
56 98
57 35
57 55
58 63
58 69
62 54
63 5
63 11
63 35
63 78
63 93
63 99
64 26
64 49
64 64
64 71
65 21
65 40
65 85
69 85
70 4
70 11
70 19
70 26
70 42
70 48
70 71
70 77
70 92
70 99
71 34
71 57
73 63
77 4
77 12
77 56
77 94
78 27
78 48
78 70
78 79
78 99
79 22
79 37
79 41
79 65
79 84
83 65
84 5
84 14
84 20
84 43
84 79
84 85
84 94
85 28
85 35
85 51
85 71
85 99
86 57
92 93
93 5
93 12
93 20
93 27
93 35
93 42
93 63
93 70
93 79
93 99
94 49
94 56
94 84
98 4
98 12
98 41
98 84
98 93
99 19
99 26
99 34
99 49
99 55
99 64
99 70
99 79
99 98
