114
0 11
0 44
0 50
0 96
1 80
1 89
2 64
3 48
4 13
6 27
9 77
10 91
11 0
12 61
12 99
13 19
15 53
15 75
15 87
16 61
16 95
17 46
18 76
21 0
22 14
23 9
23 32
23 39
23 79
25 24
25 52
25 74
26 88
27 61
27 95
27 96
30 13
31 53
31 66
32 4
32 94
33 75
34 22
36 0
36 61
37 14
37 44
38 81
39 39
40 19
41 89
42 97
44 40
44 59
45 26
45 47
47 70
48 18
48 50
49 6
49 28
50 73
51 0
51 91
52 98
54 20
55 5
56 24
57 82
58 2
58 91
60 77
62 46
63 32
63 40
63 55
66 29
66 94
67 92
68 78
70 22
71 44
72 0
72 6
72 58
73 93
74 59
75 74
78 42
80 6
80 25
81 87
81 91
83 11
83 16
84 76
85 48
87 30
88 57
89 10
90 91
91 52
91 97
93 71
94 59
95 2
95 93
97 13
97 29
97 38
98 39
98 79
99 22
99 66
