109
0 49
3 0
3 58
4 44
4 81
4 84
5 12
6 29
7 90
8 26
9 6
10 65
10 81
11 12
11 40
12 59
14 74
17 39
17 59
19 21
19 36
19 45
20 82
22 13
23 75
24 18
25 67
25 93
25 96
26 53
29 47
31 12
31 62
33 39
33 97
34 5
34 41
34 66
36 24
36 55
36 76
36 86
40 97
41 23
43 80
43 91
44 5
44 38
44 55
45 15
45 20
45 75
48 16
48 64
48 94
49 35
49 40
50 74
51 58
52 50
55 42
59 6
59 37
59 85
61 57
62 27
64 64
65 0
66 78
66 99
67 28
67 85
68 11
69 16
69 49
69 70
70 2
70 42
70 85
75 50
76 24
76 32
78 67
79 60
80 2
81 13
81 57
81 95
82 43
83 74
84 3
84 46
84 80
85 29
86 66
86 97
87 40
88 73
90 59
91 23
91 87
93 34
94 13
94 63
97 87
98 57
99 12
99 27
99 73
