# 33191.781499
102
1 33
2 95
3 54
3 74
5 7
5 85
7 2
8 40
9 16
10 30
10 54
11 72
15 89
16 8
16 99
17 70
20 31
20 84
22 43
23 24
25 70
25 74
26 2
26 88
27 45
30 7
31 96
32 26
32 75
34 3
34 58
34 90
36 40
37 20
38 60
40 78
42 42
42 74
46 80
48 55
48 61
49 28
49 47
49 94
50 30
50 76
51 0
52 98
54 14
54 83
55 24
56 43
57 8
58 89
59 96
61 69
61 77
63 16
63 51
64 8
64 27
64 37
65 57
66 69
68 10
69 33
70 24
70 47
70 75
72 19
72 50
72 84
72 90
74 2
75 64
75 75
75 81
77 44
77 49
79 27
80 67
82 16
83 35
83 63
83 94
86 18
86 85
88 32
88 53
89 78
91 35
92 46
93 13
94 60
97 27
97 65
97 96
98 33
98 42
98 89
99 6
99 79
