# 37160.251337
114
0 1
0 50
0 98
1 32
1 57
1 64
1 81
2 18
2 36
4 74
4 95
5 4
6 48
7 14
9 71
10 56
11 0
12 23
12 91
13 27
14 46
15 9
15 60
15 76
17 93
19 40
19 85
20 46
23 8
24 31
24 64
24 71
24 99
27 26
28 45
28 82
29 6
29 57
29 68
30 99
31 30
31 65
33 79
33 87
34 25
34 51
36 0
36 44
37 14
37 83
40 19
40 54
41 25
41 76
42 39
44 56
45 0
46 70
47 84
48 23
48 63
49 70
50 7
50 40
50 43
52 15
52 62
54 89
55 10
56 27
56 35
59 58
60 1
61 81
63 16
63 52
63 92
64 35
65 24
66 66
66 74
67 83
70 9
71 50
74 29
75 44
76 7
76 22
76 99
77 93
78 37
79 23
81 27
81 53
82 41
82 86
83 75
85 7
85 71
87 89
89 13
89 28
89 39
90 2
90 57
92 71
94 96
95 26
96 43
97 15
98 50
99 23
99 42
99 67
