112
0 94
1 56
2 3
2 28
3 83
4 70
5 17
5 98
6 21
6 75
6 91
8 56
8 61
10 2
10 40
15 19
15 47
16 5
16 27
16 53
17 79
17 88
20 20
20 93
24 6
24 34
24 42
24 59
24 65
26 76
26 91
28 51
28 97
29 44
29 69
30 1
30 19
33 26
33 53
34 84
35 88
36 18
36 73
37 25
39 33
42 9
42 37
43 65
43 96
44 3
44 74
47 47
47 56
48 82
49 12
49 97
50 2
50 78
51 20
52 48
52 52
55 34
58 30
58 65
58 82
59 6
60 68
60 84
61 20
61 53
62 32
63 39
65 15
66 57
66 69
68 40
68 87
69 55
70 20
72 94
73 35
74 63
75 85
76 10
76 71
77 26
78 49
80 19
80 65
81 79
82 34
83 0
83 58
83 95
84 48
84 74
85 17
85 88
86 98
88 62
90 80
93 21
95 28
95 44
96 7
96 35
96 66
97 28
97 54
97 96
98 49
99 78
