# 30378.573133
97
0 0
4 86
5 4
5 50
5 72
7 58
8 43
12 91
14 35
15 29
16 63
17 23
17 85
18 15
19 48
19 74
19 90
20 57
23 33
26 49
26 96
29 35
31 82
32 28
33 42
33 51
34 7
34 72
34 99
35 19
35 24
37 58
38 15
40 50
40 86
41 72
43 93
44 7
45 34
45 40
46 57
48 47
48 83
48 88
49 25
50 20
51 97
52 61
54 23
55 68
58 14
59 85
60 34
61 9
61 99
62 43
62 65
62 71
63 26
63 80
65 48
66 33
66 51
66 85
69 10
71 25
71 41
73 90
74 16
74 81
75 58
75 98
76 66
77 42
77 74
79 72
80 52
80 88
81 31
83 11
83 61
84 47
85 29
87 75
88 10
88 18
89 50
89 99
91 64
94 46
97 94
98 32
98 50
98 61
98 84
99 27
99 67
