# 34362.514116
110
0 1
0 53
0 63
1 78
1 93
4 29
4 57
6 8
7 92
8 51
8 75
9 25
10 42
11 10
11 73
12 90
13 35
14 49
14 67
15 57
15 79
16 18
16 96
19 30
20 21
22 0
23 44
23 53
23 81
23 99
25 7
25 13
25 76
26 48
26 93
27 27
29 62
29 77
30 31
30 98
33 13
36 66
39 2
39 19
39 65
40 11
40 34
40 98
42 93
43 75
43 79
46 6
47 53
47 96
49 30
49 59
49 77
50 22
50 39
50 45
51 11
53 91
55 17
55 59
57 99
60 11
60 68
61 90
63 3
63 20
63 29
63 54
64 43
65 83
66 76
66 98
67 72
68 10
69 0
69 57
70 16
71 79
72 31
74 96
76 13
78 0
78 63
80 27
80 37
81 77
82 7
82 41
83 55
84 19
84 63
84 73
87 2
87 90
91 47
92 2
92 61
93 16
94 97
95 83
96 32
97 46
98 66
99 2
99 26
99 60
