# 32289.597705
107
0 0
0 30
0 39
0 66
0 88
0 97
1 71
4 35
5 95
6 1
6 21
7 17
12 52
12 75
12 99
13 19
13 46
15 5
15 66
15 94
16 60
17 75
18 61
19 36
20 44
22 8
23 42
25 93
27 16
28 23
28 84
29 89
31 49
31 99
32 8
32 59
32 74
33 32
33 94
35 23
36 35
36 50
39 83
40 9
43 22
43 57
44 11
45 1
46 60
46 87
47 71
49 52
50 24
50 40
52 74
53 38
53 90
54 6
55 88
56 70
57 17
57 24
57 96
58 41
59 2
60 10
61 50
61 78
62 3
62 64
64 37
65 98
66 73
67 20
67 91
70 50
71 68
72 64
73 25
74 11
75 88
77 63
78 49
79 35
79 94
80 26
84 12
84 89
85 57
85 98
86 3
86 65
91 60
92 17
92 85
93 32
94 25
94 46
94 68
97 2
98 11
98 90
99 25
99 40
99 72
99 76
99 99
