113
0 17
0 46
0 57
2 10
2 22
2 39
2 71
3 99
4 61
6 83
7 69
8 85
9 44
11 23
12 8
12 49
13 11
14 30
14 54
16 5
17 72
17 83
19 48
19 68
19 94
20 62
21 26
21 52
23 34
25 1
26 97
27 20
27 76
28 28
29 38
29 62
31 76
32 17
33 13
33 92
34 58
35 44
36 62
40 0
41 77
42 55
42 72
42 92
43 40
43 47
45 5
46 19
46 99
48 85
49 4
49 11
52 9
53 37
53 54
53 62
54 66
56 31
56 57
59 45
60 95
61 23
61 79
62 51
63 87
64 17
65 1
65 46
65 73
66 81
67 9
67 31
67 40
67 94
68 64
70 27
74 5
76 64
77 11
77 19
77 98
78 40
79 0
79 50
80 84
81 91
82 5
82 54
84 26
84 91
85 76
88 29
88 39
88 86
90 66
91 13
91 22
92 56
95 14
95 92
97 9
97 35
97 53
97 63
98 49
99 69
99 77
99 88
99 95
