# 31291.545169
103
0 33
0 67
0 99
1 53
1 84
4 13
4 17
5 77
6 86
7 40
7 49
7 58
13 2
14 65
15 88
17 28
17 99
18 14
18 71
20 34
21 42
21 51
22 57
23 52
23 80
23 90
25 10
25 28
27 3
27 58
29 14
31 77
31 93
32 75
33 7
33 22
33 42
34 67
35 27
37 48
37 53
38 41
41 34
43 9
43 66
43 85
45 92
46 1
46 77
48 62
49 22
50 8
50 85
51 52
52 31
52 43
53 66
55 17
55 46
56 35
57 3
60 72
61 30
61 50
61 65
61 99
64 82
65 7
66 0
66 25
69 11
70 34
70 70
71 53
75 36
75 64
75 97
78 46
78 83
79 31
80 12
80 54
82 68
84 75
85 54
86 10
87 98
88 48
89 17
90 26
91 3
91 68
93 92
94 85
95 32
95 40
96 10
96 25
97 1
97 77
97 99
98 18
99 84
