# 32424.295059
104
0 0
0 17
0 24
0 32
0 75
0 95
2 8
2 65
3 53
3 89
5 46
8 36
9 50
10 10
10 94
11 41
14 21
14 22
14 78
16 7
16 69
16 95
17 38
17 78
21 29
21 54
21 92
23 63
24 11
25 51
25 99
26 37
27 85
28 15
28 20
29 1
31 79
32 5
33 63
34 23
34 40
35 55
35 88
36 19
36 93
37 4
38 78
40 60
41 40
41 46
41 69
43 18
44 26
45 32
46 74
47 1
47 92
50 22
50 46
50 94
51 7
51 60
54 0
54 79
55 43
56 12
57 20
57 27
59 41
60 49
61 87
62 79
63 7
64 0
64 25
65 11
65 57
68 37
68 95
69 99
70 6
71 81
73 40
74 23
78 42
80 9
80 59
83 65
83 73
84 99
85 6
85 59
85 82
86 0
86 90
87 34
88 42
89 25
95 4
95 71
96 22
97 62
98 36
98 53
