109
1 0
1 96
2 28
2 93
3 14
4 75
6 57
6 65
7 37
7 89
9 79
10 15
10 97
13 56
14 24
14 71
15 6
16 48
17 33
20 58
21 53
22 89
23 80
24 21
24 86
25 36
26 16
28 72
28 97
29 2
29 25
30 64
31 43
31 58
31 78
33 67
34 32
35 12
35 49
36 3
36 96
37 27
38 76
38 82
39 1
39 90
41 62
42 18
42 53
43 94
45 80
46 33
47 39
47 41
48 65
50 40
51 25
51 55
52 79
53 54
53 93
54 2
54 69
55 0
56 19
58 10
59 59
59 92
60 28
60 74
64 19
66 84
67 53
67 89
68 27
69 9
69 33
71 17
73 8
74 52
74 76
77 38
78 22
78 66
79 90
80 96
82 51
83 7
83 40
85 0
85 65
85 67
86 94
88 37
88 79
90 99
91 28
93 64
93 79
94 20
96 25
96 32
96 47
96 96
97 15
97 56
98 41
99 1
99 63
