# 31299.899686
103
0 9
0 31
0 50
2 17
2 24
2 60
3 3
3 45
3 86
4 74
7 56
7 63
8 8
9 78
9 99
11 89
12 39
13 13
14 33
16 9
16 19
18 47
18 54
19 26
19 89
20 0
21 40
21 62
21 70
23 81
25 56
26 19
26 34
26 98
27 71
28 0
29 37
32 12
32 83
32 99
34 33
34 56
36 47
37 19
39 41
40 99
41 25
42 2
42 61
44 75
45 42
46 32
48 98
51 13
51 80
52 16
52 34
54 85
56 64
59 43
59 59
60 2
60 31
61 23
62 99
65 50
66 17
66 24
67 0
67 10
67 55
70 76
71 51
71 87
72 94
73 37
73 70
74 29
77 10
78 34
78 78
78 88
79 64
79 93
81 50
81 58
84 99
85 12
85 85
87 23
87 75
88 44
91 5
92 19
92 67
93 88
94 78
95 41
95 53
97 64
99 2
99 67
99 86
