# 33325.440478
107
0 31
0 47
0 51
0 85
1 10
2 67
2 99
3 16
3 71
4 81
4 88
5 4
6 57
6 64
7 31
8 24
10 41
11 83
12 93
13 44
14 3
16 36
16 97
18 44
19 22
20 53
20 59
20 63
21 58
21 73
22 0
23 7
26 92
27 60
28 77
30 35
30 96
31 2
32 43
34 64
35 53
35 79
36 38
36 89
38 22
38 48
38 94
39 15
39 99
40 0
40 5
41 66
42 76
46 6
46 22
47 37
49 31
49 78
51 69
52 51
53 55
55 35
56 21
57 4
60 68
61 5
61 59
62 84
63 80
64 75
65 28
66 3
66 17
67 52
67 61
68 44
70 79
71 7
72 30
73 16
74 65
77 87
78 43
79 9
79 24
79 29
80 95
81 66
82 71
83 4
83 20
84 57
85 0
87 11
89 75
89 84
92 45
93 41
94 24
95 10
95 78
96 31
96 59
97 0
98 64
99 41
99 98
