115
0 1
0 7
0 29
0 97
2 83
3 24
3 67
4 38
5 59
6 90
7 76
9 18
9 99
10 25
13 51
13 58
13 74
14 95
15 4
17 31
18 22
19 60
21 46
21 79
22 39
24 30
25 4
26 87
27 8
27 60
27 73
28 50
29 12
29 97
30 45
32 92
34 1
36 38
36 62
37 18
37 24
37 48
38 67
39 33
40 83
41 0
41 7
41 59
42 81
44 63
46 48
46 85
49 19
50 34
50 42
52 44
53 16
55 2
55 34
55 72
56 20
59 3
59 59
59 97
60 82
62 85
63 28
64 45
65 35
65 75
66 63
67 26
68 59
70 6
70 12
71 41
71 73
72 22
72 67
74 1
76 13
76 87
79 36
79 42
79 54
80 47
82 57
82 92
83 27
83 64
85 15
87 68
88 25
89 58
90 33
90 83
92 95
92 97
93 15
93 39
93 75
95 48
95 80
96 53
97 7
97 31
97 38
97 98
98 1
98 69
99 12
99 17
99 60
99 76
99 91
