# 34633.309358
107
0 1
0 9
0 66
0 93
1 84
3 16
3 48
4 25
4 33
6 23
6 53
7 31
7 39
8 99
11 60
11 89
12 75
14 55
15 74
16 9
18 42
19 59
21 37
21 83
22 10
23 28
23 44
23 52
24 21
24 38
24 66
28 0
28 81
28 93
29 69
31 49
32 5
32 41
34 76
35 20
36 13
36 20
36 90
37 50
37 95
38 58
39 43
39 68
42 60
42 77
46 1
46 37
47 52
48 4
50 15
50 23
50 44
51 96
52 50
53 30
54 69
55 97
56 61
57 15
58 83
59 92
60 5
61 32
61 53
61 69
61 75
63 9
63 67
64 46
67 18
67 89
69 0
69 98
70 44
72 15
72 30
72 93
73 19
74 61
75 36
75 77
76 57
76 60
77 69
79 97
80 12
81 42
81 90
82 83
84 42
84 82
86 26
86 90
87 11
90 61
90 76
93 55
93 59
95 73
96 96
97 92
98 38
