106
0 82
0 89
3 25
3 55
5 2
5 44
6 16
7 81
9 43
10 61
12 13
12 29
12 54
13 22
15 78
16 97
17 29
19 0
19 58
20 7
22 52
22 89
23 44
23 81
24 66
26 14
26 30
27 59
27 97
28 45
30 22
30 40
30 82
31 68
33 33
33 99
34 18
35 2
37 53
37 87
39 74
40 12
40 65
41 20
41 49
42 5
42 92
43 59
45 41
47 27
47 36
48 99
51 52
53 6
55 24
55 47
55 59
56 16
56 38
57 92
58 67
61 18
61 86
62 42
63 74
63 82
64 3
64 36
66 68
67 26
69 22
71 31
71 61
71 91
72 6
75 14
76 45
76 98
77 79
78 0
78 27
78 64
78 84
80 69
81 36
82 41
83 18
85 27
87 61
87 98
89 10
89 88
91 13
91 56
91 78
94 27
95 30
95 70
96 40
97 13
97 48
97 88
98 64
98 74
98 84
99 0
