# 34705.483510
110
0 68
0 95
1 87
3 7
3 44
3 77
4 1
6 49
8 43
8 63
9 24
9 29
9 57
10 71
10 90
11 15
13 54
14 96
15 86
17 15
17 31
18 45
20 4
20 59
20 79
21 73
23 65
25 45
26 28
26 42
27 5
28 92
29 60
30 78
31 68
32 41
32 50
33 11
34 25
34 64
34 99
35 3
35 31
37 81
37 91
40 12
41 26
41 52
45 34
46 48
46 79
47 4
47 56
47 71
49 13
49 71
50 63
52 92
53 99
54 6
55 36
55 44
58 28
58 66
60 22
60 80
63 50
63 69
64 84
65 24
65 41
66 5
66 65
67 83
68 10
69 47
69 57
69 92
69 99
71 19
72 71
73 28
77 14
78 36
78 56
78 80
79 0
79 23
79 42
83 6
83 52
83 85
87 26
87 67
88 11
88 99
90 45
92 70
93 3
93 10
93 20
93 65
96 38
96 45
96 79
98 86
99 0
99 18
99 52
99 96
