# 34404.638424
104
0 30
0 62
2 16
2 41
4 56
5 47
5 71
6 86
7 9
7 79
8 18
8 96
10 42
11 75
14 25
15 81
17 95
18 30
18 62
19 40
21 58
24 10
24 15
25 95
26 53
26 61
27 67
28 29
29 75
29 78
29 98
31 23
34 41
34 73
34 92
35 55
37 81
39 27
39 47
40 7
40 37
41 11
42 89
43 97
44 17
47 79
48 91
49 41
49 52
49 73
52 20
54 27
54 74
55 39
55 65
56 57
56 90
59 25
60 8
60 71
61 78
62 33
63 47
64 99
65 41
65 85
66 50
67 10
67 66
68 25
69 75
71 48
73 14
73 24
73 57
74 38
74 96
75 8
75 71
75 81
80 17
81 31
81 94
82 45
82 58
82 84
82 99
83 76
84 40
85 47
87 28
87 62
87 90
88 14
92 11
92 73
93 90
95 21
97 28
97 67
98 37
98 53
98 59
99 82
