110
0 53
0 87
1 38
1 45
2 25
2 68
3 73
6 5
6 52
7 30
7 46
7 94
8 12
8 74
8 99
11 27
12 85
13 9
14 1
14 51
15 18
15 37
18 35
20 2
20 61
21 66
22 14
22 18
22 51
22 95
24 33
24 77
24 97
27 91
28 49
29 19
30 63
31 29
31 77
32 14
33 93
35 4
35 68
36 86
37 47
40 62
42 92
43 20
44 48
44 68
45 34
45 38
46 0
46 75
47 29
47 95
48 32
50 79
52 13
52 52
52 89
55 6
56 83
57 61
57 92
58 20
58 54
59 16
59 68
60 37
62 30
62 62
62 90
63 99
64 76
65 3
65 34
67 72
67 94
68 17
70 80
71 95
72 74
74 21
75 46
78 45
78 81
79 7
79 87
82 1
82 7
82 48
82 59
85 40
88 2
88 56
88 65
88 91
88 99
92 95
93 19
93 73
93 85
94 27
96 3
96 53
98 64
99 44
99 47
99 78
