# 29508.131773
98
0 20
0 49
1 34
1 71
4 27
4 42
6 99
8 23
8 50
9 9
9 88
12 80
14 3
15 13
17 35
17 70
17 85
18 64
19 92
21 1
22 38
22 53
23 67
23 98
25 16
25 23
27 80
29 10
31 21
31 56
32 48
32 71
32 86
33 35
37 40
38 4
39 26
39 54
39 65
40 95
41 59
41 75
45 22
46 59
46 81
48 98
49 16
50 82
51 35
51 45
52 7
53 27
53 67
56 49
56 59
57 41
57 68
59 4
60 83
63 55
64 86
65 18
66 6
68 15
69 22
69 76
70 52
71 36
71 69
72 40
73 55
75 86
77 50
78 33
78 56
78 65
79 36
80 39
81 92
82 16
83 9
84 0
85 20
85 63
86 72
86 77
88 14
89 94
92 58
94 78
95 30
96 5
96 44
97 59
98 34
99 24
99 51
99 84
