112
0 6
0 52
0 99
1 58
1 82
2 29
3 38
4 96
5 52
6 22
6 85
7 4
8 30
8 45
9 8
11 69
12 7
14 39
14 98
15 73
16 22
17 14
18 58
18 69
18 93
19 20
21 0
22 86
24 22
24 38
25 36
25 71
25 75
27 3
27 85
28 53
29 34
30 20
31 99
32 61
33 72
33 91
36 47
36 98
37 14
39 24
40 13
40 66
40 74
41 84
43 35
43 52
46 27
47 18
47 37
48 87
51 4
52 14
53 0
54 0
54 22
54 65
55 82
56 51
56 62
57 98
58 37
58 90
59 6
60 28
61 67
63 21
65 50
66 12
68 27
68 36
68 42
69 3
69 71
71 17
71 56
73 7
73 97
76 2
76 91
77 25
78 66
79 18
79 40
79 72
80 54
81 84
83 39
83 46
83 87
85 19
85 70
88 53
91 10
91 27
91 51
91 78
93 67
95 44
96 2
96 60
96 81
97 8
97 29
97 83
97 99
99 22
