# 40586.828176
86
0 31
0 76
0 81
1 37
1 62
3 44
3 97
4 17
4 48
4 90
5 12
5 23
5 32
5 67
7 83
8 77
8 98
10 61
11 19
11 94
13 54
13 70
14 35
15 16
16 46
16 52
16 99
17 30
17 38
17 77
18 91
19 59
19 68
20 23
21 71
22 33
23 78
25 50
25 95
26 27
26 64
26 89
27 41
27 56
30 70
30 98
31 32
33 63
33 93
34 69
34 77
34 84
35 55
36 41
37 73
37 99
40 49
40 85
44 79
45 55
45 93
46 99
48 63
50 53
50 88
51 74
53 60
53 67
54 74
56 89
59 65
60 94
61 84
65 72
66 99
67 64
67 90
68 80
71 74
74 96
75 88
80 97
83 89
85 99
90 92
94 98
