# 32902.476572
105
0 23
0 76
1 9
1 46
1 90
2 29
2 60
2 99
6 67
7 23
9 11
9 71
10 41
10 87
14 9
15 23
15 30
15 91
15 93
16 57
16 77
19 7
19 52
22 17
23 10
23 95
24 45
25 0
27 31
28 99
30 24
31 17
31 77
33 44
33 58
36 37
36 84
37 61
37 97
38 41
39 5
39 16
40 0
43 71
43 99
44 61
45 19
45 85
46 22
46 33
47 47
47 66
48 5
48 90
52 40
52 49
53 7
53 72
53 82
54 1
55 22
56 32
57 68
58 57
59 75
60 82
61 99
62 7
62 29
62 68
64 91
65 34
67 12
67 58
67 95
68 5
69 48
70 66
71 3
72 31
72 39
72 79
73 20
73 59
76 25
77 84
78 92
80 76
81 13
83 49
83 55
84 70
85 7
86 28
86 38
87 56
88 95
89 78
91 85
94 26
96 42
96 62
97 78
99 19
99 48
