# 33823.310062
109
0 27
0 40
0 79
1 13
1 59
2 77
8 52
9 12
9 58
9 77
10 29
10 98
12 87
13 21
14 43
16 73
17 26
18 7
18 66
19 48
23 7
23 69
23 75
24 31
26 52
26 89
28 96
30 15
30 33
31 82
34 59
34 93
35 18
35 40
36 1
37 43
37 73
38 63
39 4
40 87
42 92
42 98
43 59
44 29
44 73
48 12
48 34
48 88
49 51
51 71
51 96
52 15
52 43
53 4
54 29
54 57
55 38
55 85
58 71
58 92
58 99
59 65
61 22
62 8
62 57
62 85
66 49
67 8
67 71
68 27
69 79
70 15
71 32
71 57
72 46
72 96
74 77
75 63
75 93
76 31
77 39
78 2
78 17
80 46
81 59
82 86
83 24
83 65
84 1
84 16
84 87
87 71
88 50
88 80
89 57
89 96
91 68
92 3
94 15
94 34
94 40
95 54
95 73
97 22
97 97
98 83
99 0
99 41
99 59
