95
0 10
1 85
2 18
3 99
4 3
4 32
6 93
7 99
8 16
10 39
10 61
11 7
12 48
12 68
12 75
13 16
15 3
16 54
16 83
17 24
17 47
19 7
19 33
19 74
20 92
21 0
21 17
22 97
24 38
25 20
26 24
26 60
26 76
26 95
28 46
28 67
29 5
29 84
30 36
31 44
32 22
32 26
33 99
36 90
37 15
37 85
38 37
40 7
40 59
42 76
43 35
44 90
46 7
46 32
48 20
49 48
49 61
50 94
51 23
52 16
55 37
55 54
55 69
56 43
59 71
61 8
62 22
64 5
64 57
65 66
65 94
67 1
68 47
70 71
73 78
74 54
74 88
74 92
76 14
76 17
78 3
83 79
83 88
84 49
88 69
88 86
90 21
91 46
95 96
96 36
96 90
97 81
98 53
98 99
99 32
