108
0 7
0 40
0 76
1 90
2 57
3 25
3 33
5 60
5 72
7 39
7 89
7 93
8 11
9 19
11 78
12 64
13 46
13 72
15 27
16 17
16 50
17 31
18 0
19 77
20 31
21 88
22 46
23 6
23 17
26 31
26 53
26 63
27 68
27 70
31 35
31 88
32 21
33 7
33 97
35 30
35 47
35 52
35 70
35 87
37 94
38 5
38 80
39 22
39 38
40 56
43 10
44 36
44 41
46 61
48 0
48 80
50 54
50 70
51 97
52 23
53 7
53 28
53 39
53 77
54 93
57 13
58 37
59 69
60 52
60 83
63 46
64 5
66 21
67 23
68 49
70 5
70 24
71 17
71 99
72 41
72 75
73 81
74 56
74 63
75 37
76 95
78 49
79 98
81 14
81 29
82 89
84 3
84 37
84 56
85 13
87 51
87 70
89 76
90 18
90 34
90 94
91 85
92 56
95 9
96 71
97 31
98 60
99 42
