# 33365.983144
104
0 1
0 10
0 18
0 26
0 34
0 42
0 50
0 58
0 66
0 74
0 82
0 90
0 99
12 2
12 10
12 18
12 26
12 34
12 42
12 50
12 58
12 66
12 74
12 82
12 90
12 98
27 96
28 10
28 18
28 26
28 34
28 42
28 50
28 58
28 66
28 74
28 82
28 90
30 1
40 1
40 18
40 26
40 34
40 42
40 50
40 58
40 66
40 74
40 82
40 90
41 10
41 98
48 2
48 10
48 18
48 42
48 50
48 70
48 78
50 64
50 87
50 95
52 26
52 34
52 58
59 98
60 1
60 10
60 18
60 26
60 34
60 42
60 50
60 58
60 66
60 82
60 90
62 74
72 2
72 10
72 18
72 26
72 34
72 42
72 50
72 58
72 66
72 74
72 82
72 90
73 96
90 1
90 9
90 17
90 25
90 49
90 57
90 83
90 91
92 34
92 42
92 66
92 74
92 98
