# 32741.523304
104
0 8
0 35
0 63
1 22
3 28
3 49
3 90
4 4
6 76
9 23
9 46
9 83
10 7
10 14
10 51
12 0
12 64
13 78
13 89
13 94
14 37
15 68
16 29
17 15
18 45
19 62
24 32
24 47
24 56
25 21
25 79
26 13
26 65
27 29
27 93
29 73
29 85
30 79
31 5
32 35
32 96
33 59
37 39
38 2
38 57
39 19
39 43
39 63
39 75
39 96
41 33
46 36
46 69
46 92
47 7
47 15
53 20
54 62
54 72
54 87
57 34
57 58
58 44
59 23
60 82
62 75
63 16
63 37
63 61
67 99
68 34
68 54
68 70
68 85
71 9
71 63
72 1
73 26
74 67
74 92
75 33
77 47
79 37
82 49
82 99
83 0
84 77
85 94
86 63
86 82
87 25
88 8
90 99
91 68
92 29
92 44
93 12
93 38
93 82
96 52
99 31
99 69
99 75
99 93
