# 32057.138823
104
0 4
0 57
0 82
1 19
1 74
2 27
3 88
4 34
4 43
6 53
6 98
8 6
8 59
10 15
11 73
11 91
13 38
14 0
15 79
16 73
17 59
17 93
18 44
19 34
19 87
20 51
21 13
22 4
24 79
25 47
25 94
28 65
31 1
31 23
32 43
32 70
34 19
34 59
34 84
35 37
35 69
36 25
39 45
39 92
40 21
41 0
42 72
42 87
44 7
48 62
49 46
50 13
50 60
52 31
52 77
52 99
53 27
53 63
55 4
56 80
57 73
57 83
58 48
58 58
62 29
63 78
64 96
65 54
66 14
68 11
69 68
70 83
72 8
74 50
74 69
74 80
74 88
77 0
77 23
77 38
77 64
78 83
79 95
80 37
80 59
80 67
80 78
84 25
86 10
89 62
90 92
91 21
91 76
92 4
92 43
95 55
96 48
96 93
97 0
97 35
97 84
98 18
99 21
99 62
