# 35577.937137
111
0 20
0 58
0 81
0 97
1 6
2 36
3 67
4 27
4 53
5 44
7 22
8 87
8 96
10 36
12 42
13 27
13 64
15 84
16 56
16 78
17 12
17 70
18 23
19 4
20 47
22 61
22 91
22 94
23 16
23 77
23 99
24 43
25 53
27 37
30 0
30 59
32 27
33 33
33 74
34 19
34 53
35 7
36 93
37 73
38 24
38 47
38 67
40 15
40 96
41 90
42 54
44 1
44 65
47 36
48 50
49 58
51 91
52 3
52 27
52 40
52 64
52 77
53 81
54 13
54 98
55 20
57 11
58 0
59 72
59 79
60 89
61 38
61 58
62 52
63 43
66 22
66 29
67 78
68 39
69 2
69 56
71 64
72 9
72 16
73 81
75 1
77 50
77 59
78 42
79 98
81 66
81 84
82 14
82 42
82 80
82 92
83 0
84 57
85 28
87 71
90 98
91 49
92 32
92 79
95 30
96 84
98 62
99 0
99 22
99 45
99 79
