# 35316.365269
111
0 0
1 34
1 97
2 28
2 89
3 8
3 36
3 64
4 50
7 1
11 28
11 63
13 79
14 6
15 42
16 24
17 15
18 10
18 46
18 98
19 24
19 43
19 61
21 29
21 83
22 15
22 72
23 1
24 92
25 65
25 99
28 35
29 14
30 29
30 70
30 85
32 5
33 39
33 95
34 54
35 0
35 22
37 47
38 72
40 5
40 25
42 41
42 74
44 26
45 63
45 88
46 12
47 8
47 40
48 56
48 97
52 14
54 0
54 95
55 80
56 64
56 72
57 50
59 18
60 88
61 35
61 46
61 67
61 82
62 3
62 24
63 98
64 1
66 8
67 31
67 89
69 81
71 47
71 67
72 58
74 15
74 76
75 32
75 68
76 26
77 7
77 61
79 52
79 97
80 1
81 29
81 83
81 91
83 0
83 77
85 15
85 42
87 21
87 92
89 42
89 71
91 63
92 20
93 47
94 26
95 43
97 76
97 88
98 7
99 33
99 81
