# 33040.574733
107
0 11
0 17
0 27
0 48
0 76
0 99
1 0
1 81
2 62
3 31
3 44
6 14
6 17
8 39
9 61
9 96
10 29
14 12
14 92
15 74
15 80
16 4
16 27
20 94
20 99
21 9
21 51
22 0
22 37
22 54
23 80
23 88
24 31
26 23
27 45
29 37
29 73
30 18
31 23
32 65
34 75
34 89
34 97
35 7
36 41
37 60
37 97
39 83
41 8
41 17
41 39
41 46
42 91
46 67
47 22
47 30
47 81
48 59
49 52
50 44
51 3
51 98
54 0
55 12
55 45
55 97
56 36
58 19
58 90
59 73
61 26
62 12
63 64
64 43
65 57
65 95
66 78
66 87
69 10
69 43
69 72
71 27
72 0
73 39
74 77
75 56
75 89
76 10
77 24
78 31
79 58
82 54
83 73
83 88
85 22
87 1
89 40
90 30
92 64
93 10
93 45
93 90
93 97
97 60
97 78
97 85
99 26
