# 36111.753610
109
0 54
0 69
1 12
1 14
2 99
3 49
5 80
6 27
6 32
8 66
10 44
11 2
11 72
14 20
14 91
15 11
15 29
17 63
17 99
18 40
18 56
19 84
21 42
22 92
23 25
24 56
25 1
25 75
26 39
26 70
27 85
28 23
28 97
30 25
32 21
32 52
33 7
33 61
34 0
35 43
36 38
36 84
36 90
37 28
38 52
39 65
40 15
42 9
42 74
43 36
43 94
45 60
46 70
47 52
50 3
51 20
51 31
51 43
51 74
52 57
52 95
53 48
54 1
54 45
55 81
57 34
58 59
59 30
59 61
60 44
60 96
64 75
64 82
66 9
66 31
68 0
68 65
69 16
70 47
71 9
71 39
72 24
72 73
73 58
74 92
74 99
75 41
75 45
79 96
81 58
82 22
82 80
83 53
84 3
84 33
84 48
86 10
86 72
87 25
88 32
88 67
95 37
95 54
96 67
97 83
98 2
98 22
99 53
99 78
