# 34148.276646
106
0 25
0 48
4 31
4 77
6 14
7 0
9 52
10 90
11 34
12 64
13 1
13 73
14 27
15 48
15 81
18 67
19 8
19 86
21 61
22 15
23 61
24 54
28 29
28 37
29 11
29 76
29 96
30 58
31 0
33 88
33 99
34 38
36 67
36 71
37 3
37 24
37 48
39 55
41 20
43 9
43 50
43 95
44 28
46 73
47 14
47 90
48 58
49 37
49 82
50 72
51 30
51 36
51 57
53 77
54 0
54 92
55 19
55 68
57 54
57 59
59 34
60 96
61 19
62 2
62 26
62 45
64 68
66 30
67 49
67 73
68 13
68 45
72 1
73 66
74 98
75 18
75 86
76 60
77 29
78 14
79 0
79 4
79 36
80 79
82 15
83 42
84 83
85 23
85 49
87 69
91 34
91 49
91 78
92 20
92 64
93 5
93 53
93 90
94 27
95 99
96 11
97 0
97 72
98 36
99 82
99 93
