201
0 26
0 35
0 41
0 50
0 56
0 78
0 84
0 99
1 4
1 19
1 70
1 93
3 14
4 0
4 42
4 63
4 70
5 19
5 26
5 34
5 49
5 56
5 77
5 84
5 93
5 99
12 1
12 16
12 58
13 63
14 37
14 43
14 52
14 77
15 29
15 72
15 87
16 7
16 93
17 21
19 21
19 44
19 63
19 72
19 78
19 83
20 14
20 37
20 92
20 98
21 0
21 4
21 29
21 51
21 58
27 7
27 16
27 60
27 64
28 23
28 35
28 45
28 50
29 0
29 31
29 79
30 72
30 88
30 94
34 22
34 93
35 13
35 37
35 44
35 52
35 72
35 78
35 87
35 97
36 30
36 58
37 5
38 37
41 0
41 29
41 57
42 6
42 15
42 21
42 43
42 52
42 72
43 66
44 80
47 0
48 5
49 14
49 21
49 50
49 65
49 71
49 94
50 28
50 36
50 57
50 79
50 86
51 97
52 42
53 86
54 42
54 95
55 0
55 28
55 37
55 65
56 7
56 14
56 22
56 51
56 56
56 80
57 71
62 4
62 56
63 20
63 42
63 49
63 64
63 73
64 13
65 27
65 35
65 78
65 93
65 99
68 43
68 88
69 7
69 35
69 74
70 21
70 29
70 59
70 63
70 78
70 95
71 0
71 15
77 43
77 50
77 58
78 0
78 6
78 72
78 87
79 21
79 33
79 64
79 79
79 99
81 28
81 50
82 29
83 0
83 44
83 72
84 58
84 65
84 80
84 96
85 8
85 35
85 88
86 14
92 15
92 71
93 1
93 5
93 20
93 30
93 40
93 50
93 76
93 86
93 93
93 96
94 35
94 56
98 0
98 29
98 57
99 15
99 21
99 37
99 43
99 53
99 63
99 71
99 78
99 89
