# 33809.771561
106
0 19
0 70
0 89
1 56
2 42
3 22
3 28
3 61
3 94
4 3
4 84
6 37
7 8
9 20
9 61
10 68
12 1
13 99
15 48
18 73
18 93
19 10
19 44
20 30
20 58
21 16
22 54
23 79
26 5
27 38
28 74
30 30
32 6
32 82
32 91
33 19
33 24
33 66
35 48
37 71
39 53
40 85
40 94
41 1
42 22
42 30
43 36
44 15
45 8
45 76
45 99
49 50
49 81
50 28
50 36
51 74
52 12
52 60
54 88
54 96
55 44
56 23
56 29
56 67
59 15
60 72
61 49
61 64
61 82
62 9
62 87
62 97
63 43
64 68
65 2
70 26
71 86
71 98
72 8
73 61
75 53
75 81
77 0
78 55
79 15
79 21
79 74
80 84
81 35
82 49
87 40
87 66
88 33
88 87
89 16
89 80
91 97
92 59
92 66
93 2
93 11
93 26
93 73
94 85
95 80
96 42
