118
0 53
0 84
1 6
1 37
1 68
3 75
3 95
3 98
4 22
5 57
7 60
8 2
8 41
9 18
9 36
10 81
13 65
13 90
14 55
15 41
17 83
18 17
18 93
19 8
20 69
22 3
22 89
23 33
23 55
24 41
25 25
25 75
26 5
27 10
27 30
27 61
28 27
28 74
28 92
29 20
30 46
32 77
34 14
35 68
38 42
38 52
38 62
40 24
41 3
43 2
43 86
43 90
44 97
46 66
47 20
47 21
49 51
50 72
51 13
52 38
53 34
53 66
54 18
54 21
54 48
55 52
55 77
56 80
57 91
58 99
60 1
60 34
63 5
63 53
63 64
64 20
65 95
66 16
67 30
68 16
68 20
68 71
69 50
69 87
70 48
70 79
72 3
72 34
73 98
74 84
75 73
75 78
77 4
78 52
78 61
79 98
82 17
83 61
85 10
85 47
86 30
86 91
87 24
89 74
89 80
91 3
93 71
93 78
93 94
95 9
95 24
96 38
97 19
98 62
98 99
99 3
99 38
99 84
