# 35353.447306
113
0 9
0 25
0 35
1 69
2 18
2 45
2 99
3 11
3 81
3 85
4 96
6 39
8 64
9 49
10 11
10 58
14 0
14 23
14 31
18 17
18 81
18 98
20 21
20 44
21 74
22 2
22 88
23 52
24 60
25 77
27 59
28 34
29 17
29 74
30 8
30 54
34 15
34 92
35 21
35 61
35 96
36 30
37 47
38 1
38 37
38 85
41 7
41 28
41 63
42 44
44 72
48 14
48 94
48 99
49 58
50 22
50 77
51 31
52 0
53 7
53 16
53 41
54 36
55 50
56 56
56 87
57 70
57 79
58 93
61 7
63 23
63 54
63 86
63 95
64 39
65 75
67 12
67 65
69 41
70 61
71 69
77 64
77 98
78 83
78 84
79 0
81 19
81 27
81 99
82 34
83 51
83 77
84 33
84 62
85 48
86 68
89 15
89 48
90 20
92 62
92 81
92 88
93 4
95 18
96 85
98 0
98 57
98 89
98 97
99 27
99 35
99 42
99 61
