108
0 6
0 19
0 59
1 45
3 26
3 67
3 98
5 53
5 76
6 37
6 46
7 1
7 32
7 73
8 15
10 93
11 28
11 79
14 12
14 80
17 28
18 14
18 96
19 40
19 52
22 38
23 15
23 67
25 1
26 53
26 95
30 2
30 61
30 66
31 23
31 31
32 90
33 39
33 47
34 15
34 95
35 67
37 23
38 9
38 53
40 92
41 52
43 36
46 81
47 50
51 42
52 61
52 68
53 2
56 35
56 80
57 65
57 94
57 99
58 0
58 9
58 21
59 30
59 41
60 56
62 79
63 12
63 59
63 97
64 35
64 52
64 73
65 24
67 69
68 89
69 42
70 58
72 7
72 23
73 12
75 2
75 26
77 41
77 86
78 31
78 55
79 45
79 81
81 70
83 25
84 95
85 16
87 69
87 71
88 32
89 18
90 0
90 6
90 48
92 13
93 28
93 55
93 95
96 77
97 84
98 44
98 60
99 13
