109
1 0
1 93
2 70
3 51
4 65
6 20
6 85
7 93
9 5
9 34
11 51
12 77
14 34
16 98
17 11
17 56
18 77
20 47
21 96
22 82
24 41
26 10
26 56
26 74
27 41
28 2
28 10
28 55
29 19
30 97
33 54
35 63
36 23
36 78
40 85
41 4
41 77
42 12
42 42
42 66
43 50
44 20
45 5
46 11
46 34
46 62
48 56
48 86
50 36
52 76
53 99
54 92
55 22
55 30
55 59
56 44
56 78
57 51
58 70
59 1
59 55
59 77
59 96
60 8
60 40
61 15
62 88
64 34
66 19
66 64
68 94
69 72
70 8
70 45
71 64
73 25
73 57
73 78
74 3
74 72
75 43
76 22
76 50
77 60
77 93
78 2
82 95
82 99
83 77
84 21
84 43
84 91
85 33
86 7
86 63
87 22
88 37
89 71
93 7
93 35
94 47
95 51
96 11
98 51
98 87
98 99
99 21
99 32
99 66
