114
0 49
0 91
1 31
3 8
3 82
4 68
4 97
6 36
6 56
7 51
7 73
8 25
9 10
10 30
10 67
11 81
12 7
12 20
14 92
17 37
17 74
19 82
20 8
20 98
21 0
21 19
21 40
21 55
24 32
25 70
26 39
27 22
27 49
27 56
27 84
28 2
28 6
28 25
29 94
30 66
31 45
33 11
34 51
35 25
35 81
36 97
37 39
38 7
38 60
40 16
41 55
42 0
42 45
42 83
44 14
44 39
44 69
44 94
51 0
51 45
52 27
52 55
52 97
54 20
54 83
55 71
56 52
57 6
58 36
59 59
60 11
60 85
61 96
62 68
64 6
64 37
64 82
66 8
66 30
67 98
68 23
68 63
68 81
69 73
70 0
70 50
70 90
71 9
71 67
73 57
75 97
76 20
76 40
77 64
78 50
81 17
81 34
81 99
83 41
83 68
83 79
86 64
87 9
88 73
88 91
89 55
90 49
94 45
94 83
95 14
95 30
97 94
98 20
99 37
