111
0 33
0 50
0 61
1 10
1 39
1 81
1 97
2 25
5 19
6 66
7 5
7 30
8 38
8 82
9 44
10 23
12 61
14 51
15 69
16 44
18 84
19 16
19 55
20 64
21 0
22 13
23 46
24 21
24 31
24 39
24 80
26 70
27 15
27 69
27 95
31 34
32 25
33 54
34 11
34 88
37 48
37 97
38 28
39 49
40 83
41 6
41 12
44 63
45 78
46 26
46 34
47 58
48 10
50 40
50 85
51 64
52 18
52 24
52 91
54 31
54 75
55 4
55 89
58 10
58 41
59 0
60 50
61 74
62 19
62 60
64 41
65 99
66 23
66 46
66 83
67 87
68 20
68 26
70 63
70 73
72 42
72 96
73 2
74 51
74 81
75 34
76 13
79 29
79 77
79 98
80 37
81 54
82 85
83 29
84 11
84 71
84 99
85 68
87 17
88 82
89 42
89 44
89 88
92 24
93 54
94 10
96 38
97 30
97 48
97 91
98 73
