116
0 25
0 61
0 84
2 15
2 93
3 11
3 39
4 45
5 43
6 29
6 71
6 78
6 98
7 9
8 98
10 15
10 94
11 56
12 71
13 50
14 31
16 1
16 76
18 50
19 17
19 88
21 82
23 33
24 5
24 90
25 19
25 41
26 63
27 48
28 84
29 69
30 4
30 89
31 28
33 16
34 46
34 75
35 23
35 70
36 51
36 99
37 37
38 2
38 92
41 78
41 99
48 17
48 39
48 78
48 82
49 25
49 71
51 99
52 45
54 0
54 59
54 62
54 93
55 32
55 39
60 8
60 11
60 96
61 89
62 46
62 65
62 80
63 27
63 32
63 55
63 73
65 11
66 49
66 80
68 94
68 96
69 33
70 1
70 58
71 29
71 44
73 80
74 97
76 20
76 63
78 46
79 14
79 31
80 44
80 83
82 80
82 85
83 65
83 70
84 7
85 63
88 80
89 13
90 97
91 4
91 35
91 53
93 21
95 7
98 57
98 76
99 0
99 23
99 41
99 66
99 93
