113
0 32
0 36
0 51
0 99
1 4
1 60
3 21
5 11
5 37
5 79
6 99
7 67
9 90
10 47
10 53
10 71
13 24
15 13
15 61
18 18
18 65
19 32
23 43
23 92
24 50
25 3
26 77
26 96
29 27
29 54
29 62
31 0
31 6
31 48
32 31
32 38
33 24
34 23
34 68
36 99
38 14
38 85
39 51
40 0
40 59
41 71
42 82
43 14
45 86
47 39
48 21
48 25
49 48
49 95
50 1
52 70
53 6
53 26
53 41
53 91
54 24
54 55
55 2
55 45
55 61
57 72
58 75
59 7
59 31
60 94
61 40
62 54
65 14
65 89
66 63
66 78
66 99
67 31
69 41
69 56
70 53
71 16
74 33
75 4
76 89
77 38
78 22
78 53
79 39
79 69
79 93
81 30
81 78
81 85
83 45
83 60
83 76
84 5
85 11
86 92
89 1
90 51
91 47
92 65
93 87
94 15
94 23
94 36
98 18
98 30
98 45
99 55
99 98
