108
0 32
0 83
0 91
1 8
1 23
5 54
6 40
6 59
7 0
7 19
7 96
9 35
10 21
12 14
12 73
14 96
15 81
15 89
16 99
17 22
17 50
18 67
19 32
20 88
22 4
23 84
25 54
25 93
26 15
29 12
29 30
29 76
30 56
31 26
32 44
33 41
33 77
34 58
34 95
35 27
37 72
38 6
38 99
39 52
39 78
41 42
42 58
42 91
43 14
45 4
46 18
46 33
47 39
48 67
49 56
49 81
50 94
53 10
53 65
55 6
55 24
55 33
56 94
57 44
57 51
57 69
58 10
59 27
61 73
63 20
64 66
65 44
67 15
70 18
70 25
70 36
70 89
70 92
71 50
74 44
74 52
76 75
78 5
78 59
79 36
80 9
80 69
82 99
84 63
85 35
85 86
86 22
88 39
88 72
91 53
92 42
94 6
94 24
94 73
94 88
96 3
96 81
96 96
97 13
97 56
98 27
99 41
99 73
