# 33233.637332
86
0 0
2 5
2 28
3 19
8 34
13 6
15 35
16 25
17 10
17 20
17 45
18 53
20 3
24 46
27 9
28 15
28 42
30 24
34 10
38 35
46 19
48 0
48 37
50 27
51 9
53 17
53 22
53 38
53 44
55 4
57 49
59 28
61 43
64 29
65 63
65 71
66 6
67 15
67 54
68 88
69 34
70 20
71 45
71 79
72 71
73 29
73 96
74 62
74 86
75 53
76 16
78 2
78 94
79 46
79 67
79 87
81 9
81 60
81 99
82 42
83 28
83 35
83 56
83 73
84 0
84 15
84 23
85 5
85 77
89 22
89 48
90 82
91 29
92 7
92 77
92 99
93 61
93 91
94 85
97 7
97 55
98 46
98 69
99 12
99 32
99 78
