# 29630.466643
97
2 3
2 11
3 54
3 99
4 21
7 65
9 2
9 76
12 13
15 43
15 53
15 77
18 18
19 93
21 51
23 65
23 86
24 36
24 58
25 22
26 44
27 65
27 90
28 79
31 33
32 7
32 15
32 19
33 39
35 78
38 1
38 56
38 99
39 17
41 70
41 91
42 56
42 99
45 25
45 31
45 40
46 11
47 56
48 70
48 75
49 6
52 24
53 43
53 99
55 30
55 50
55 78
56 1
58 92
59 26
59 98
60 10
60 44
61 58
62 0
62 84
64 52
64 67
65 88
67 7
67 42
68 37
69 28
69 60
70 21
71 68
73 94
75 19
75 30
75 54
76 2
77 74
78 47
78 99
80 91
81 5
81 38
82 77
83 55
84 17
84 60
87 90
90 27
90 34
91 54
92 48
93 20
94 11
94 92
96 78
98 34
99 1
