107
0 28
0 97
1 22
1 46
3 60
6 25
7 15
8 55
8 98
9 41
10 80
11 58
11 62
12 11
12 36
12 77
13 96
15 28
16 2
16 82
18 34
18 44
21 66
23 23
23 24
24 52
26 18
26 81
29 45
29 90
29 95
30 6
31 21
32 35
32 40
33 13
34 3
35 61
35 67
38 40
39 69
39 75
40 21
41 25
41 54
43 48
43 89
44 13
44 72
46 34
46 92
47 18
49 20
49 52
50 14
50 37
52 95
53 90
54 44
54 66
54 74
55 36
55 81
59 58
60 7
60 43
60 75
61 89
62 97
66 6
66 15
66 30
67 83
68 60
68 69
68 93
69 45
71 31
71 52
73 37
74 46
75 88
77 71
80 18
80 33
80 63
81 3
82 77
83 63
84 10
86 17
87 33
87 82
88 45
88 62
90 64
91 48
91 76
93 86
96 7
96 87
97 16
98 31
98 51
99 24
99 72
99 99
