# 37519.918284
113
0 63
1 35
2 7
3 68
4 39
5 49
6 22
7 16
9 66
9 76
12 52
12 83
13 90
14 23
14 56
15 13
15 37
16 33
16 62
16 97
17 5
17 71
19 89
20 40
20 85
21 99
23 49
24 67
25 32
26 47
27 71
28 2
28 25
28 57
30 13
30 88
31 31
31 62
31 73
32 48
33 79
35 12
35 95
36 88
38 25
39 35
40 42
41 8
41 63
42 53
42 96
43 39
43 49
44 56
45 8
45 76
46 22
49 15
49 99
50 7
50 74
52 21
53 72
54 88
55 65
56 40
57 35
57 44
58 57
59 85
60 26
62 61
62 93
64 8
64 11
64 52
65 32
66 98
67 56
69 2
69 79
70 65
70 74
71 11
71 49
72 39
74 21
74 25
74 82
77 45
77 66
77 96
78 7
80 38
81 24
81 88
83 80
85 71
86 92
87 41
88 26
89 53
91 1
91 67
92 97
93 44
95 26
95 58
95 89
96 30
96 74
97 8
99 67
