112
0 11
0 61
0 96
1 75
2 21
4 37
4 89
4 98
6 58
7 4
7 79
10 64
11 40
12 96
13 23
13 87
14 50
16 9
18 18
20 93
21 58
21 68
21 85
22 4
22 34
22 44
22 75
25 60
26 4
27 29
27 71
28 52
28 88
29 36
31 95
33 28
35 11
35 70
36 5
36 49
36 64
36 86
37 27
39 79
40 13
41 45
42 86
42 99
43 28
44 51
46 45
47 31
47 60
47 95
49 9
49 78
50 70
52 4
52 32
52 88
53 3
53 73
53 77
54 18
54 37
55 56
56 95
58 7
59 63
60 88
61 33
62 22
62 49
65 15
65 49
66 29
66 67
67 76
68 3
68 19
70 53
71 62
72 98
73 11
74 62
76 17
76 39
77 41
78 85
78 91
79 3
79 45
80 70
82 74
83 83
85 56
87 27
87 98
89 67
91 13
91 53
92 11
92 84
93 41
94 78
95 45
97 39
97 84
98 65
99 5
99 28
99 54
