95
0 68
0 84
1 2
1 29
2 20
2 88
4 57
5 98
6 13
7 74
10 58
10 94
11 20
11 53
12 26
13 99
14 61
14 85
15 1
15 96
16 25
16 78
16 89
17 68
18 52
20 9
20 18
21 83
23 73
24 12
25 16
25 32
26 49
26 93
28 64
29 4
30 22
30 74
30 99
31 85
48 65
50 83
52 91
52 98
53 5
54 23
56 13
58 76
59 27
59 51
60 44
60 69
60 96
65 14
66 66
66 95
67 4
67 35
67 39
68 49
68 89
69 83
71 2
74 45
74 65
75 18
75 27
75 96
76 84
79 59
80 4
80 22
81 32
83 71
84 18
84 40
85 54
85 56
86 8
86 82
89 22
89 77
90 46
93 60
93 78
94 7
95 28
95 31
96 1
97 73
98 8
99 33
99 42
99 57
99 58
