112
0 3
0 5
0 50
1 45
1 80
3 59
4 19
5 1
5 11
5 86
6 96
7 80
8 28
11 14
11 34
11 99
13 24
13 69
16 32
16 48
17 67
19 16
19 39
20 6
21 81
22 25
24 6
25 98
26 34
27 53
27 75
28 56
29 26
30 20
31 3
32 70
33 40
33 86
34 13
34 49
35 35
37 23
39 55
39 84
41 43
41 89
42 33
43 60
45 39
47 57
48 67
49 4
49 25
49 83
50 11
51 44
51 76
53 64
55 10
55 49
55 97
56 24
57 31
57 67
59 38
60 81
60 96
61 45
61 87
62 11
62 60
64 16
64 66
66 79
67 41
67 82
68 0
69 55
72 21
73 37
74 78
75 94
75 99
76 30
76 55
76 82
77 58
81 8
81 63
81 97
82 37
82 79
82 86
83 14
85 4
85 28
86 18
86 57
87 42
89 92
90 50
91 36
91 63
95 93
96 64
97 79
98 38
99 5
99 8
99 12
99 24
99 50
