# 33017.208199
109
0 27
0 60
0 95
2 7
2 17
2 46
2 61
2 85
4 24
5 0
6 43
6 99
7 76
10 29
10 84
11 40
12 71
15 54
15 91
16 62
20 94
21 19
21 41
21 60
24 27
24 74
26 41
26 78
27 99
28 85
29 21
29 55
30 7
30 60
31 0
31 45
31 70
35 70
37 38
37 87
38 23
39 48
40 74
43 31
43 54
44 9
44 91
45 1
45 69
45 99
46 53
46 61
47 39
51 10
51 97
52 24
52 83
53 45
53 68
55 0
56 38
56 82
58 89
59 67
60 58
62 44
64 59
64 99
66 30
66 51
67 85
68 8
69 4
69 22
70 37
70 58
71 97
72 32
72 90
76 20
76 68
77 42
77 74
78 60
82 66
83 5
83 43
83 52
83 76
84 0
84 23
84 47
84 91
86 9
86 31
88 90
91 27
92 56
95 35
95 61
97 11
97 41
97 56
97 78
98 26
98 72
99 3
99 18
99 91
