110
0 15
0 48
1 89
3 36
4 41
4 75
6 55
8 18
8 81
10 27
11 99
12 63
14 9
14 25
14 49
15 91
17 34
17 68
18 20
18 71
19 63
20 49
21 1
21 12
21 86
21 95
23 85
24 35
25 27
26 45
26 79
29 0
29 49
30 10
31 27
31 64
32 40
34 50
35 67
36 48
36 78
37 1
37 8
39 15
39 22
39 59
40 83
42 36
44 19
45 65
46 41
48 82
48 93
49 96
50 24
51 5
51 31
51 51
51 72
53 25
53 68
54 42
55 3
55 87
57 13
61 72
62 81
62 88
65 1
65 17
65 54
66 96
69 38
69 60
70 76
70 86
71 2
71 45
74 22
74 59
75 37
75 68
76 41
76 73
78 7
79 90
80 76
81 23
83 96
84 33
85 9
87 53
87 89
89 28
89 43
89 60
90 69
90 94
92 8
92 17
93 58
94 0
94 72
94 74
95 86
97 99
98 32
99 1
99 25
99 50
