# 32710.590759
107
0 30
0 54
0 91
0 99
3 63
3 93
4 13
4 49
6 3
6 67
8 60
9 31
9 46
11 40
11 78
12 99
14 73
16 5
17 25
17 34
18 59
20 11
20 90
21 68
22 76
23 48
24 91
26 31
27 24
27 84
28 55
29 49
29 95
30 1
30 17
31 69
33 3
34 11
35 63
36 31
36 42
36 80
37 74
41 15
42 25
45 32
45 42
45 86
45 91
47 1
48 57
51 25
51 40
51 52
52 83
53 0
55 17
55 66
56 22
58 97
59 27
59 44
59 83
59 89
61 0
61 13
61 36
61 68
62 61
62 83
65 44
65 97
66 75
67 54
72 58
73 96
74 6
74 29
75 38
75 67
76 0
76 22
76 85
77 44
78 71
79 39
79 87
80 22
81 81
82 59
85 52
87 99
88 10
91 31
91 60
91 97
92 14
92 46
92 72
95 77
97 5
97 34
98 40
98 58
99 22
99 72
99 91
