# 38761.356330
113
0 7
0 33
0 44
0 52
0 90
2 26
4 84
5 41
5 69
6 1
9 49
9 87
10 5
10 34
10 63
12 20
13 27
14 13
14 57
15 93
17 50
18 81
21 34
21 67
21 95
22 42
23 52
23 76
24 3
24 58
26 33
27 93
29 1
30 68
31 53
31 61
33 20
35 76
36 45
37 15
37 66
38 6
38 56
38 85
39 71
40 34
41 38
41 91
42 20
42 52
42 80
42 99
44 42
45 94
46 0
46 9
47 56
48 25
50 29
51 63
52 2
53 43
53 62
55 73
55 89
56 25
56 81
57 67
59 95
60 84
61 10
61 63
63 21
66 28
67 11
67 57
68 97
71 83
72 19
72 41
72 76
73 24
73 44
73 55
73 90
75 61
77 13
78 47
78 62
80 22
80 76
81 7
81 36
82 77
82 96
86 35
87 43
88 4
88 52
90 7
90 25
91 18
92 35
92 67
93 95
94 21
96 81
97 0
97 15
97 53
97 74
98 48
99 67
