101
0 18
0 29
0 64
1 10
1 49
1 94
3 70
6 24
8 42
8 66
8 76
9 36
10 52
10 95
10 97
13 11
14 26
14 80
17 35
17 75
18 8
18 56
19 52
22 30
23 37
23 66
25 98
27 15
27 71
28 51
30 16
31 91
33 58
33 84
34 11
34 32
34 87
38 3
42 24
42 56
43 38
43 79
44 9
44 45
45 66
45 70
46 0
46 52
49 66
51 38
51 97
53 33
53 89
54 47
55 11
56 96
57 25
57 91
58 52
58 82
60 63
60 66
63 12
64 51
64 99
65 35
67 84
68 3
68 81
69 13
69 17
72 99
73 88
75 64
76 20
76 22
76 37
76 49
76 69
77 14
78 28
78 55
81 63
81 83
81 87
84 5
86 68
88 45
88 86
88 98
90 75
91 18
92 11
93 25
93 36
95 74
95 85
96 45
96 93
98 31
99 53
