# 35605.721991
113
0 35
0 40
0 88
1 74
2 12
2 83
3 52
4 20
4 60
6 89
8 38
9 75
9 99
12 23
12 48
12 56
13 1
13 21
16 72
16 76
16 94
18 4
19 45
20 90
24 37
26 46
27 60
27 66
28 14
28 20
28 59
29 0
30 30
30 75
30 80
31 95
31 99
33 52
35 16
35 72
35 78
36 7
40 32
41 47
41 65
42 13
42 38
42 55
43 18
43 40
44 1
44 84
45 61
45 93
49 15
50 81
51 0
53 73
54 29
55 20
56 34
56 50
56 54
57 13
58 20
58 27
58 69
59 59
59 92
60 6
60 54
60 99
62 73
64 40
64 84
64 99
65 2
68 42
69 36
69 69
69 79
71 3
71 26
71 84
72 17
73 61
74 0
75 99
77 11
77 46
77 57
78 91
79 74
80 22
82 29
83 15
83 44
84 51
85 83
87 62
88 6
89 1
93 29
93 37
93 89
94 23
94 71
95 15
97 43
97 51
97 57
99 12
99 85
