# 35141.570800
110
0 3
0 23
0 50
0 93
1 15
1 33
1 79
1 99
2 65
3 85
4 55
7 1
7 20
7 71
10 72
11 80
12 54
13 15
13 44
13 91
15 32
15 58
16 18
18 98
19 28
21 3
21 73
21 93
22 58
26 8
26 51
26 79
27 86
28 65
29 34
29 72
30 15
30 42
30 58
34 20
34 86
35 34
36 5
36 40
36 62
36 77
40 13
41 47
41 59
41 99
42 27
42 87
43 75
45 36
46 50
46 61
47 92
48 19
50 3
51 87
52 37
52 97
53 51
55 57
55 65
56 83
58 79
60 18
60 65
60 99
67 49
67 56
67 74
67 78
68 5
68 20
69 34
69 99
70 0
70 28
72 57
73 91
74 50
75 25
77 84
79 99
80 43
80 84
81 59
81 77
82 9
84 36
84 70
84 80
86 97
87 4
87 42
88 8
88 56
89 22
89 28
90 50
93 36
93 92
94 70
94 85
95 99
98 13
99 72
99 90
