104
1 50
2 12
2 54
2 99
3 36
4 26
4 78
5 64
8 92
9 6
9 97
10 50
11 69
14 39
16 46
16 63
17 0
17 32
17 98
19 9
19 82
22 88
24 3
25 22
30 73
30 92
31 31
32 45
32 98
33 17
34 54
34 63
36 87
36 92
37 55
38 72
39 0
39 17
39 62
40 33
47 14
47 18
48 29
48 58
48 77
49 0
49 44
50 86
51 46
52 95
53 12
53 27
54 64
54 79
55 38
58 99
60 43
62 52
62 76
63 15
64 36
64 66
66 60
66 94
67 19
67 30
67 71
67 87
68 45
69 80
70 2
70 5
74 26
75 46
75 93
76 6
78 21
80 13
80 63
81 31
81 68
81 97
82 71
82 73
82 86
83 52
84 47
87 32
88 37
89 90
89 99
90 1
91 14
92 7
92 83
93 54
95 37
96 15
96 85
97 61
97 62
97 78
98 13
99 27
