# 32240.919626
104
0 56
0 92
1 39
3 22
3 28
5 53
7 97
9 9
9 60
11 40
11 83
13 34
14 59
15 73
15 91
17 75
20 21
23 4
23 48
23 56
23 88
24 21
24 99
26 0
26 73
27 14
28 38
29 62
29 95
31 20
31 44
31 81
32 4
34 76
36 34
37 50
37 83
37 90
38 48
38 67
41 1
41 10
43 89
43 97
44 51
45 17
45 63
47 25
47 73
50 39
51 17
51 82
52 24
52 68
54 48
55 97
56 72
58 88
60 6
65 38
65 74
66 19
66 59
66 67
67 23
67 88
68 0
69 99
72 16
72 81
73 67
74 55
74 95
76 3
77 99
78 32
78 85
80 38
80 54
80 64
80 69
81 11
82 92
84 33
86 19
88 97
89 49
89 53
90 5
90 69
90 93
91 83
92 21
94 17
94 50
94 66
95 36
96 55
96 90
97 10
98 3
99 31
99 64
99 82
