105
0 37
0 59
1 21
2 51
2 98
6 16
6 97
7 83
8 30
9 37
9 77
11 2
13 0
13 85
14 43
17 50
17 57
18 16
19 64
19 71
20 99
21 23
22 2
22 87
23 30
25 63
26 68
28 44
28 47
29 5
29 85
32 37
34 11
34 44
34 65
34 66
35 22
35 51
35 74
35 98
36 86
38 90
39 58
40 31
40 65
42 79
43 8
44 17
44 24
46 31
47 2
47 45
47 72
49 7
49 54
49 73
52 39
52 87
52 94
53 16
53 46
55 58
55 96
56 32
56 60
58 22
61 5
61 38
61 83
63 3
63 96
64 72
65 12
66 7
66 90
67 19
68 42
69 83
71 28
71 67
72 27
72 59
77 2
77 80
78 67
79 35
79 55
80 94
81 21
82 16
82 90
83 1
87 67
89 48
90 34
91 0
91 5
91 83
95 23
95 65
96 9
96 51
97 30
97 37
97 87
