110
0 0
0 62
1 14
1 43
2 60
3 11
3 78
6 44
7 15
9 30
9 59
9 75
12 39
12 93
13 24
14 97
15 66
16 1
16 89
17 12
19 57
20 21
24 34
24 42
24 64
25 0
26 14
26 44
26 60
27 28
29 75
29 95
30 21
30 99
31 85
32 66
33 15
33 30
34 2
34 13
37 51
38 73
40 66
41 42
41 59
41 97
42 37
44 3
44 14
44 25
46 69
47 19
47 23
47 39
47 84
51 55
51 66
54 2
55 94
56 34
56 70
56 80
57 51
57 89
58 36
60 1
61 22
61 99
63 36
63 41
65 19
65 50
65 67
66 85
67 9
70 44
70 69
70 96
71 63
72 4
72 37
72 90
73 55
76 31
76 72
76 97
78 37
79 47
81 16
81 78
83 54
83 75
85 5
85 43
85 83
86 33
87 19
88 15
91 56
94 72
94 94
95 15
95 31
95 39
95 67
96 47
97 53
98 77
99 6
99 24
