# 33641.078539
106
0 37
0 64
2 72
3 21
3 58
4 41
4 93
4 98
6 7
7 50
10 84
11 77
12 28
13 20
15 95
18 22
19 41
19 64
21 47
23 39
23 95
24 86
27 69
28 6
28 21
29 44
29 52
29 96
30 13
31 79
32 27
32 35
34 86
35 21
35 49
35 57
37 10
37 94
39 0
40 35
40 84
41 70
42 16
43 24
43 49
43 62
44 99
45 35
45 67
45 95
50 30
51 11
51 95
52 50
54 71
55 81
56 7
58 24
58 46
58 88
59 32
59 99
60 55
61 5
61 74
65 37
65 85
65 93
66 51
67 23
68 67
69 71
70 6
71 99
72 89
73 49
74 63
76 35
76 72
77 13
78 3
78 21
78 28
78 86
81 56
82 48
82 90
84 73
85 1
85 8
85 41
86 16
86 82
89 94
91 37
92 7
92 33
94 70
95 23
95 60
96 51
96 53
97 67
97 92
99 4
99 9
