111
0 19
1 12
2 86
2 97
3 48
3 76
5 37
6 72
7 16
9 61
10 30
10 90
11 44
12 11
13 25
13 55
14 66
17 47
18 5
18 26
18 31
21 42
21 71
22 1
22 10
22 82
23 65
23 77
24 3
24 34
24 86
26 18
26 49
27 57
27 58
29 69
31 97
32 32
33 23
33 83
35 45
36 6
37 62
38 40
39 97
40 28
40 85
41 59
43 71
44 2
44 44
46 76
47 46
50 3
50 68
51 57
52 37
53 13
53 21
54 27
54 89
57 85
59 35
61 1
61 20
61 54
63 10
63 75
64 40
65 58
65 73
66 54
67 33
68 87
70 78
70 93
71 26
72 12
73 41
74 61
75 84
76 2
78 13
80 10
80 35
80 58
80 74
81 20
81 97
82 2
85 72
86 48
88 38
90 0
90 22
90 48
91 86
92 14
93 66
94 33
94 60
95 76
96 18
96 91
97 7
97 64
97 80
98 35
98 50
99 27
99 98
