# 33246.418037
107
0 15
1 32
1 63
2 0
2 96
4 3
5 73
6 28
6 48
7 1
7 8
7 17
7 88
9 83
10 32
12 23
12 41
15 62
16 70
16 99
17 9
17 38
18 44
19 21
20 26
20 81
20 99
21 3
21 23
21 52
23 95
25 85
26 7
27 24
30 66
32 38
32 42
33 32
33 69
33 91
35 84
37 9
37 75
38 15
38 33
38 66
38 99
39 0
39 48
40 56
42 27
43 7
46 41
47 97
49 51
52 37
52 64
52 69
52 75
52 95
54 44
55 20
55 52
55 95
56 68
59 27
60 18
62 13
63 55
64 4
64 41
65 81
66 5
66 31
66 61
66 92
67 75
70 60
71 77
72 3
72 91
73 45
73 95
74 80
75 29
75 63
76 19
77 73
78 48
80 34
80 95
81 20
84 55
85 0
88 64
88 74
90 40
91 2
91 43
94 79
95 10
97 24
97 99
98 18
98 27
99 55
99 95
