104
2 13
3 93
4 2
4 27
4 48
5 9
5 54
6 85
7 76
8 68
12 8
12 82
13 13
13 45
13 60
14 90
15 74
17 97
18 24
19 0
19 7
19 99
20 26
20 38
21 80
22 49
22 65
23 79
24 16
27 61
28 87
30 48
31 17
33 3
34 5
34 36
35 43
36 29
37 71
38 12
39 97
41 60
42 0
42 65
42 81
44 88
45 16
45 45
46 24
48 38
48 98
49 48
49 94
50 30
51 32
52 11
54 73
54 99
55 24
55 55
57 8
57 76
58 82
61 20
61 68
61 91
62 41
63 43
63 96
64 6
64 24
65 49
65 64
65 75
65 82
68 15
71 30
74 45
74 54
75 7
75 15
75 64
75 87
76 80
78 25
78 95
79 71
79 78
80 41
83 11
83 20
86 54
86 91
87 31
88 25
89 68
90 47
95 8
95 94
96 49
98 21
98 73
99 35
99 65
