# 34688.926586
111
1 63
1 71
2 69
2 94
3 99
4 7
4 46
4 55
4 80
5 37
7 84
10 15
12 1
13 81
14 45
15 18
15 36
15 89
18 62
19 48
19 55
20 94
21 14
21 76
22 33
23 69
25 61
25 99
26 75
29 27
29 34
30 6
30 88
31 13
33 49
33 54
35 40
35 92
36 63
37 0
37 26
37 55
41 79
41 83
42 69
42 98
43 26
44 3
44 63
45 12
45 40
45 77
48 17
49 41
50 68
50 94
51 27
51 50
51 58
55 76
57 99
59 30
59 51
60 79
61 6
61 85
62 14
62 59
63 37
65 23
65 65
68 51
68 99
69 19
69 82
70 13
70 33
71 2
74 26
74 47
74 76
74 91
77 66
77 99
78 8
81 4
82 52
82 94
84 28
84 37
85 69
86 84
87 20
88 87
90 45
90 53
90 55
91 5
91 31
91 98
92 23
93 81
95 73
96 14
96 59
96 95
98 0
99 28
99 67
99 78
99 99
