109
0 14
0 25
0 84
3 57
4 0
4 42
4 78
6 59
9 73
9 96
10 78
11 4
11 93
12 87
13 13
13 31
14 47
15 11
15 33
16 51
19 49
21 27
22 29
22 66
23 52
24 11
24 83
25 21
25 99
26 6
28 40
28 77
29 85
31 70
32 24
32 76
33 40
33 56
33 95
35 2
36 36
38 50
39 0
39 18
40 7
41 87
42 29
42 79
45 32
45 65
46 63
47 25
47 55
48 11
50 9
50 41
50 49
50 91
51 17
51 74
52 84
56 36
56 76
58 13
59 1
59 70
59 79
60 47
60 62
61 27
62 99
65 18
65 22
65 52
67 67
67 85
69 27
72 8
72 37
72 59
73 78
73 81
75 51
79 12
79 45
79 95
80 37
81 6
85 13
85 28
85 91
86 63
87 12
87 72
89 48
90 34
90 65
90 86
91 27
91 92
92 19
92 77
93 50
95 42
97 73
97 83
98 2
98 21
99 36
