# 33132.804006
103
0 29
1 62
1 88
6 14
6 49
6 56
7 65
7 72
8 28
8 35
8 81
10 96
11 11
12 51
14 31
14 99
15 60
16 45
17 5
17 83
21 54
21 62
22 38
22 78
22 80
23 27
23 46
24 98
29 91
30 10
30 59
31 31
31 40
36 61
36 77
37 37
38 7
38 23
38 71
39 43
40 51
42 57
43 81
43 96
44 16
44 29
45 66
48 49
50 43
50 63
52 6
52 85
53 21
53 66
54 49
55 35
55 44
55 63
58 20
59 78
61 82
61 97
62 61
63 94
66 8
66 34
66 76
66 83
69 1
69 43
69 48
69 68
70 58
71 41
71 62
73 15
73 21
74 76
76 7
77 56
77 99
78 42
80 78
81 21
81 77
81 92
83 0
83 52
85 29
85 67
86 38
89 65
90 10
91 51
92 36
93 90
93 97
96 42
96 83
97 56
98 23
98 98
99 9
