104
0 3
0 50
2 19
4 40
4 66
4 99
5 48
6 34
7 26
10 73
11 20
13 70
14 34
15 0
15 87
16 1
16 24
17 46
17 51
18 97
19 26
21 56
22 46
24 81
25 13
26 91
27 22
28 37
29 83
30 3
30 58
31 34
31 52
32 69
33 48
34 1
36 63
38 27
39 48
40 22
40 29
40 69
40 74
41 91
44 7
44 62
44 77
44 96
45 25
47 7
47 48
47 94
48 41
49 69
50 62
52 32
54 77
55 25
55 67
56 53
57 17
57 83
59 6
60 60
61 35
62 45
62 54
63 21
64 50
64 67
64 78
64 87
67 5
70 92
71 20
73 4
73 11
73 67
74 24
74 62
75 37
75 96
76 52
76 87
77 94
81 80
82 24
82 65
83 57
86 4
87 10
87 30
89 1
91 54
91 76
92 97
93 40
93 44
94 10
94 90
96 29
96 77
99 38
99 57
