109
0 16
0 65
1 44
2 32
2 97
3 74
4 7
4 58
4 88
6 49
8 94
10 1
12 74
14 17
15 23
15 62
15 89
16 39
16 46
17 40
17 68
18 98
19 42
20 32
21 3
21 75
21 85
22 12
22 18
25 26
28 29
29 54
30 16
30 74
30 90
31 44
31 59
33 14
34 95
35 80
36 77
37 9
38 39
38 58
38 65
38 95
39 32
40 16
42 25
44 78
45 58
45 93
46 35
46 46
48 20
48 87
51 2
51 6
51 82
52 53
52 60
52 73
54 17
54 33
54 67
55 88
56 99
57 19
60 38
60 71
64 88
67 1
67 73
68 39
70 88
71 22
71 45
73 77
74 36
74 54
75 26
75 68
75 71
75 89
76 20
77 50
82 7
82 66
82 96
83 2
83 55
84 95
86 17
87 81
89 59
91 36
92 14
92 18
92 44
93 32
93 76
94 58
94 84
96 38
97 4
97 54
98 93
99 11
99 37
