105
1 38
1 78
2 64
3 47
4 16
4 61
4 89
5 99
6 10
7 24
9 66
9 81
10 51
11 2
11 95
13 87
14 30
16 70
17 49
18 80
19 95
20 13
20 33
20 53
22 74
23 28
24 88
27 47
27 81
28 1
30 12
30 43
30 72
32 63
32 87
32 95
34 3
34 78
36 53
38 40
38 93
39 60
40 30
44 44
45 26
46 58
46 64
46 89
47 11
48 97
50 83
51 21
51 29
52 74
54 4
54 5
54 10
54 40
55 78
58 54
59 25
60 72
60 87
61 7
61 92
63 40
63 60
66 22
66 31
66 76
67 54
68 0
68 60
68 67
68 99
69 35
69 99
71 17
71 82
75 91
76 9
77 58
78 3
78 45
80 80
81 49
82 64
83 56
84 27
84 88
85 21
86 10
87 30
87 94
92 39
94 13
94 22
95 45
95 97
97 41
97 62
98 76
99 3
99 20
99 28
