# 34290.384663
106
0 7
0 66
0 75
1 83
3 36
3 58
4 25
4 34
7 79
8 42
9 49
11 53
14 6
14 72
16 11
16 26
17 40
17 91
18 2
20 59
21 31
21 36
22 55
22 79
23 45
28 82
30 58
31 29
33 11
34 78
35 8
35 27
35 37
35 43
36 51
36 75
37 22
38 62
38 92
38 99
39 69
42 78
44 38
44 98
45 27
46 17
47 10
47 86
48 2
48 72
49 44
49 53
49 65
52 58
53 77
55 85
56 27
56 46
57 92
58 41
58 99
60 24
60 55
62 1
62 32
63 4
63 78
65 46
66 60
66 84
68 74
69 68
70 25
70 56
71 33
72 15
72 98
74 47
76 18
76 29
76 92
77 3
78 37
79 99
80 13
80 82
82 43
82 75
83 62
86 0
88 5
88 48
88 76
90 19
90 82
90 97
91 28
91 90
93 52
93 62
94 35
95 14
98 21
98 77
99 0
99 66
