# 33700.194007
107
0 19
1 69
2 44
3 0
3 50
3 89
4 84
6 17
7 70
8 7
9 46
10 99
11 0
11 38
12 24
13 55
14 63
15 10
15 33
17 95
18 86
19 78
21 24
22 69
23 61
24 11
24 46
24 93
26 84
26 99
27 32
27 50
28 75
29 23
30 9
30 54
33 35
33 45
33 63
35 31
36 77
36 84
37 99
38 9
39 59
39 65
39 91
40 39
42 1
43 25
43 86
45 78
47 32
47 47
47 94
48 6
50 22
51 80
53 74
54 55
54 64
56 0
56 31
56 47
56 99
58 16
59 37
60 54
60 61
60 81
61 91
62 77
63 34
64 23
65 2
66 16
67 41
68 57
69 92
71 22
76 76
77 40
78 67
78 93
79 4
81 12
82 0
82 26
82 98
83 33
85 19
87 67
88 57
89 18
90 85
93 3
93 66
94 44
94 80
97 85
98 0
98 7
98 30
98 45
98 97
99 50
99 66
