109
0 58
0 67
1 81
1 83
2 30
3 50
3 60
4 15
5 53
7 30
8 10
9 24
9 45
9 64
10 4
10 78
11 82
12 50
12 96
14 15
15 87
16 41
18 63
19 0
19 55
19 77
19 96
20 31
23 71
24 21
24 29
24 37
24 46
24 62
25 86
27 6
27 96
28 53
31 8
31 69
32 84
33 14
33 22
34 99
35 40
36 6
36 37
36 54
38 45
39 68
40 90
42 59
42 84
43 0
43 24
44 76
45 66
46 90
47 16
48 16
50 2
51 38
51 99
52 42
52 46
52 74
53 11
56 15
58 53
58 60
61 86
64 20
65 82
65 95
65 98
66 28
66 47
67 4
67 73
70 14
74 34
74 94
75 0
75 76
75 80
76 6
76 28
78 36
80 66
80 95
81 1
82 80
87 24
87 53
90 7
90 33
90 53
90 59
92 39
92 67
93 16
93 74
95 10
96 1
96 49
96 95
97 25
98 89
99 70
