# 34458.331453
108
0 29
0 39
1 74
1 94
2 0
2 15
2 50
2 57
4 66
5 32
6 99
7 42
7 80
7 87
7 90
9 18
9 28
11 3
12 54
12 63
14 34
15 39
16 3
17 14
17 55
20 96
21 41
21 69
21 86
23 0
23 21
23 27
23 54
23 63
24 81
26 49
26 95
28 24
29 14
29 41
30 5
31 33
35 37
35 98
37 62
38 35
39 58
39 82
40 5
42 20
44 72
45 3
45 95
46 55
47 22
47 46
48 87
51 31
51 63
52 39
53 92
56 22
56 44
58 36
59 30
59 71
60 93
61 50
62 9
63 1
63 79
65 64
67 48
67 79
67 86
68 96
69 15
70 39
71 51
72 65
73 24
73 31
75 46
75 74
76 60
78 0
78 38
78 95
80 28
81 81
82 8
83 18
84 46
85 1
87 57
87 97
89 66
89 72
91 19
91 49
93 34
93 42
95 80
96 10
96 97
98 83
99 31
99 37
