109
0 19
0 62
2 2
2 8
3 79
3 94
5 97
6 71
6 78
7 4
7 43
14 13
14 22
15 69
16 55
16 60
18 8
18 88
18 98
20 95
23 34
24 80
26 44
26 73
27 1
27 77
30 19
30 43
31 33
33 12
33 18
34 50
35 58
35 89
36 2
38 10
38 28
38 65
39 89
41 34
41 75
44 0
47 17
47 42
47 70
48 48
49 34
49 63
50 0
51 99
52 14
52 85
53 91
54 20
54 41
58 3
58 45
59 83
60 11
60 36
60 64
61 18
61 71
63 97
65 8
67 32
68 94
69 0
69 73
70 53
72 27
74 9
74 41
74 56
74 85
75 65
76 50
78 23
78 70
79 66
79 84
81 12
81 83
81 87
82 23
82 27
82 40
82 98
83 6
88 42
89 56
89 61
89 71
90 0
90 33
92 17
93 26
95 48
95 64
95 84
95 91
96 7
96 54
97 76
97 93
98 4
99 11
99 21
99 68
