# 33737.140273
106
0 86
1 35
1 46
2 77
3 8
3 93
4 0
4 58
7 30
7 42
8 62
9 99
12 76
13 80
14 17
17 66
18 31
18 60
18 81
19 11
19 38
19 74
19 99
20 53
21 59
22 0
23 6
23 33
23 95
25 51
27 25
27 66
28 13
31 70
32 30
32 80
33 47
34 52
37 16
37 97
38 86
39 74
40 34
40 81
41 49
42 58
43 16
44 2
46 72
46 78
48 45
51 2
51 51
51 96
53 26
53 69
54 12
54 29
54 99
57 87
57 96
59 58
60 4
60 13
60 82
62 27
62 87
64 39
65 54
66 47
67 63
68 10
68 69
68 78
69 33
71 4
71 98
72 59
72 84
74 0
74 8
76 31
76 76
77 17
77 45
79 25
80 45
80 51
81 62
83 97
85 17
85 65
87 81
88 67
89 34
90 97
92 17
93 24
94 48
94 76
96 53
96 84
97 31
97 39
99 15
99 46
