164
0 0
0 5
0 30
0 59
0 72
0 74
0 90
1 16
1 20
1 35
2 44
2 86
5 0
6 20
6 58
6 76
7 5
7 16
7 34
7 44
7 93
8 62
8 87
9 30
10 48
14 58
15 22
15 65
16 16
16 33
17 0
17 47
18 7
18 79
19 84
22 15
22 40
22 79
23 62
23 69
23 84
23 93
23 99
24 1
24 4
24 38
25 21
25 48
26 26
26 54
31 35
31 55
31 64
32 4
32 21
32 41
32 50
32 73
33 0
33 26
33 79
33 82
34 14
34 99
37 77
38 34
38 97
39 41
40 4
40 16
40 49
41 0
41 19
42 68
42 93
43 63
45 63
46 34
46 49
47 20
47 29
48 0
48 4
48 44
48 67
48 87
48 97
49 15
50 79
53 42
54 35
54 50
54 83
56 7
56 73
56 99
58 19
58 65
58 77
58 93
59 28
59 56
61 56
62 22
62 26
62 42
64 0
64 11
64 36
64 52
64 71
64 87
64 94
65 5
65 62
67 77
70 5
72 20
72 69
72 75
72 94
72 99
73 12
73 40
74 34
74 84
75 49
78 33
78 44
78 50
79 99
80 54
80 66
80 94
81 0
81 28
82 14
83 84
86 70
87 15
87 98
88 18
88 82
88 93
89 0
90 30
90 34
90 41
91 56
91 63
94 34
95 63
96 20
96 94
96 98
97 5
98 0
98 28
98 49
98 56
98 79
99 14
99 42
99 84
