111
0 54
0 74
1 39
1 68
3 33
5 23
6 47
6 77
7 6
7 23
8 69
8 99
9 16
10 54
11 2
12 38
14 46
15 9
16 39
16 87
17 31
17 92
19 54
19 63
22 23
22 72
24 52
24 84
24 99
25 1
26 37
27 19
30 23
31 0
31 83
32 40
32 69
32 98
34 62
35 7
35 62
36 36
37 43
39 0
39 82
40 57
41 6
41 75
42 98
43 49
44 61
46 26
46 80
47 70
47 94
48 56
49 76
50 18
51 42
52 16
52 33
56 36
56 92
56 95
59 12
59 54
60 29
61 32
61 96
62 51
62 87
63 79
64 6
65 25
65 67
67 81
69 1
70 66
70 99
71 38
71 72
72 19
73 48
75 34
76 42
76 57
76 96
78 94
80 72
81 21
82 55
83 5
84 61
86 69
86 99
87 52
88 78
89 10
89 85
90 24
90 32
91 43
93 29
93 86
94 77
96 51
97 11
99 20
99 60
99 62
99 98
