105
0 20
0 76
1 26
2 59
2 86
6 5
7 1
7 8
7 52
7 94
8 62
8 88
10 37
10 66
11 48
12 19
13 28
14 70
14 75
16 19
16 53
18 52
18 68
20 37
22 82
22 95
23 75
24 5
24 7
24 39
24 54
24 91
27 2
27 21
27 81
31 62
32 22
33 8
33 65
33 96
34 51
35 34
35 88
37 60
38 36
39 98
40 94
44 1
44 9
45 61
46 79
47 25
48 9
48 47
52 32
52 48
53 12
55 40
55 76
55 91
56 30
56 64
57 69
60 49
60 69
61 0
62 15
62 97
64 21
65 0
65 55
67 30
68 41
69 22
69 78
69 93
70 44
70 59
73 27
73 63
74 71
76 41
77 92
83 34
83 65
84 1
84 53
84 74
84 93
85 46
86 19
90 43
92 31
92 90
92 98
93 24
94 16
96 9
96 72
97 45
97 62
97 86
98 40
99 48
99 95
