# 35485.953566
111
0 57
0 80
0 83
1 65
1 95
3 28
3 46
4 11
5 89
6 34
6 97
8 51
10 60
10 69
11 3
11 67
13 18
13 46
14 74
17 40
18 1
18 9
19 47
19 85
20 26
21 96
22 90
24 61
24 84
26 76
27 12
27 22
27 66
28 51
28 59
29 0
29 26
29 80
31 36
32 8
34 43
35 98
36 0
36 93
37 67
37 76
40 37
41 52
42 6
42 46
42 52
42 61
43 17
43 31
43 81
49 33
49 99
51 79
52 62
52 96
53 43
53 76
55 99
56 50
58 44
58 48
59 81
62 4
62 22
63 87
64 31
65 52
65 68
66 16
66 60
68 66
68 76
69 38
69 91
72 51
77 20
77 89
78 34
79 3
79 28
79 49
79 80
80 14
80 64
82 63
82 97
83 34
83 42
84 0
85 78
86 54
87 10
88 91
89 3
89 50
89 68
92 41
93 23
95 69
96 17
96 89
97 26
97 38
98 94
99 46
99 61
