# 32569.920712
104
0 48
0 91
2 10
4 39
4 67
5 99
6 21
8 74
12 12
12 40
12 46
12 83
13 69
15 26
16 86
17 60
17 93
18 54
19 15
19 30
20 24
20 63
24 4
24 38
26 76
26 81
26 96
29 31
30 40
31 0
31 7
31 65
31 92
32 22
34 14
34 62
34 84
35 75
38 28
38 55
39 68
40 19
40 46
40 85
41 11
44 99
45 29
46 71
46 92
48 11
50 54
51 62
52 0
52 32
52 95
53 79
54 18
54 48
58 79
59 32
60 65
60 73
61 17
62 46
62 95
63 22
65 38
65 80
65 88
67 42
68 8
72 47
72 57
75 39
75 67
75 76
76 53
77 4
77 25
77 62
79 21
79 83
79 90
79 99
82 81
85 37
85 86
86 55
89 38
89 46
89 62
92 7
92 60
92 69
93 17
94 0
96 75
97 46
97 99
98 23
99 9
99 61
99 82
99 89
