# 34394.988514
105
0 69
1 2
2 51
3 19
3 27
3 65
3 97
6 45
9 81
10 95
11 48
11 71
11 99
12 24
16 33
17 45
17 63
18 6
18 53
18 80
20 72
21 31
22 25
23 11
25 47
25 96
28 54
29 71
30 28
30 88
31 14
32 40
33 48
34 62
34 96
35 82
36 0
38 10
39 24
39 42
40 38
42 59
42 88
43 94
44 3
46 22
47 36
47 45
47 68
48 53
52 48
53 67
54 20
56 57
56 74
58 6
58 89
60 16
60 28
61 37
61 42
61 83
62 56
62 61
64 34
64 93
65 2
65 75
68 16
68 40
69 30
70 56
70 80
71 48
73 7
73 75
74 0
74 24
74 92
75 17
76 57
77 42
77 61
78 68
78 79
78 97
82 43
83 25
84 81
85 60
85 95
86 34
87 71
89 0
89 25
90 8
90 16
91 80
95 33
96 73
99 3
99 15
99 47
99 80
99 99
