# 35475.461163
109
0 18
0 41
0 63
0 72
1 4
2 96
3 24
3 46
5 35
5 77
6 87
7 63
11 4
11 19
11 94
12 86
13 47
14 33
14 55
15 63
19 81
20 16
20 69
21 24
22 42
23 33
23 75
26 82
27 11
28 56
29 66
30 38
33 5
33 52
34 52
35 93
36 87
37 73
37 99
38 30
38 66
39 22
40 0
40 49
41 8
43 65
43 69
44 79
45 35
47 0
49 11
49 32
49 52
51 40
51 89
53 17
53 68
54 54
54 78
55 24
57 26
58 63
60 91
61 41
61 74
62 24
63 7
63 49
65 0
65 38
65 90
67 66
69 69
69 76
70 20
71 6
71 11
71 84
72 25
74 34
74 52
74 90
77 24
77 81
79 42
79 51
79 95
80 65
82 57
83 73
83 79
84 51
84 99
85 9
85 37
88 33
89 27
89 65
89 93
90 86
91 79
92 1
92 57
95 23
96 49
96 84
97 63
99 17
99 99
