110
0 65
0 96
2 56
3 21
3 37
3 42
3 79
5 59
5 80
7 6
7 10
7 99
8 41
10 51
11 73
13 26
16 28
17 47
17 72
17 98
18 65
18 88
20 29
20 56
21 14
21 98
22 3
24 15
26 0
26 42
26 84
28 36
31 2
31 18
32 75
33 98
34 54
35 87
39 10
39 60
40 21
40 92
41 2
41 47
42 30
43 10
43 19
43 37
46 77
47 61
47 97
49 0
50 51
51 22
51 23
51 75
53 39
54 8
54 65
54 89
54 97
57 67
59 35
59 40
60 11
61 52
61 63
61 96
63 62
65 21
65 80
68 7
68 48
69 19
69 75
71 97
73 33
73 41
74 34
75 54
75 64
76 71
77 26
78 48
79 65
80 10
80 16
81 41
81 86
82 0
82 29
82 91
85 66
86 51
86 82
87 86
87 96
89 36
92 19
92 30
92 58
92 71
95 44
96 92
97 15
98 1
98 51
98 99
99 67
99 75
