106
0 52
4 22
5 88
6 78
9 64
9 98
10 12
12 44
12 63
13 69
14 33
15 27
15 48
17 67
18 12
19 28
20 0
20 82
21 53
23 85
25 15
25 99
26 49
27 40
27 66
28 1
28 77
30 55
31 72
31 91
32 21
32 96
34 64
34 80
36 36
38 36
38 75
38 93
39 26
40 9
41 44
41 65
42 0
45 73
45 89
46 24
46 97
47 51
47 57
48 71
49 81
51 81
52 33
53 36
54 8
55 88
59 15
59 71
59 81
60 21
61 37
61 48
61 92
62 51
62 72
64 65
64 75
66 44
67 34
68 3
69 20
69 85
70 48
70 71
71 39
72 57
74 86
75 21
75 78
77 34
78 97
79 60
81 20
81 58
82 91
84 6
84 66
84 99
85 15
85 77
86 23
86 30
86 45
91 40
91 80
91 90
94 71
96 55
97 34
98 8
98 62
98 71
98 95
99 17
99 39
99 79
