# 34812.535166
94
0 66
2 0
4 72
5 52
6 98
7 29
9 77
10 36
11 69
12 16
17 39
18 24
18 76
19 21
19 53
19 57
19 62
22 68
23 1
23 30
23 82
24 41
25 90
26 25
26 82
27 75
27 96
28 6
29 67
30 32
31 38
32 9
33 24
33 52
33 59
36 61
38 16
38 46
38 84
39 32
39 75
40 22
41 55
42 61
42 89
45 15
45 33
45 75
47 41
48 95
49 2
50 60
54 27
54 32
56 66
56 74
58 56
59 49
59 80
60 63
60 71
62 13
62 20
63 34
65 27
66 4
66 41
66 84
67 44
67 55
67 65
69 41
71 27
71 72
71 90
72 60
73 78
74 11
76 17
76 24
78 61
79 31
80 72
81 56
83 22
83 82
84 36
85 44
85 75
86 58
87 18
91 46
92 71
99 52
