109
0 13
0 84
1 36
1 45
5 42
5 65
5 80
6 19
6 27
6 56
6 99
8 58
8 66
10 97
11 72
14 53
14 86
16 43
17 1
17 29
17 89
19 82
20 15
20 41
22 22
22 62
23 1
25 65
25 68
27 70
27 79
28 47
28 99
29 33
31 91
32 5
34 14
35 96
37 81
38 22
39 59
40 19
40 36
41 8
41 77
42 62
43 28
43 79
46 37
46 57
46 95
47 6
47 21
47 65
48 48
49 32
54 83
55 19
55 90
56 47
56 69
57 11
59 75
60 27
60 59
61 83
61 98
62 7
62 50
63 2
63 24
63 41
64 66
65 31
65 90
68 72
68 97
70 37
71 47
71 86
74 77
75 56
76 17
78 73
79 9
79 26
80 23
80 64
81 14
81 37
82 58
82 89
85 42
85 44
85 69
86 51
87 94
88 76
88 98
89 84
90 7
93 57
95 30
95 79
97 15
99 24
99 43
99 58
99 74
