110
0 61
0 94
0 99
1 17
2 29
2 34
3 0
4 64
5 83
6 9
6 15
8 23
8 73
8 99
11 52
12 44
13 58
13 88
14 72
15 0
16 15
17 5
17 24
17 30
18 57
18 66
20 14
21 88
22 29
23 98
24 44
24 79
25 99
27 40
28 60
29 3
29 22
30 12
30 66
31 26
32 60
35 89
36 19
36 36
37 84
38 70
38 78
39 51
40 33
41 12
41 42
44 19
45 19
45 76
45 96
46 7
46 58
48 50
49 93
51 6
52 81
53 71
55 34
55 66
55 99
56 45
58 74
59 20
59 86
61 30
62 51
64 61
65 5
65 44
65 88
66 3
66 10
66 79
67 54
67 98
69 19
70 39
72 72
73 84
74 5
74 64
77 25
77 58
78 94
80 12
80 77
81 48
82 30
83 16
83 89
84 23
86 44
87 73
90 48
90 76
91 87
93 21
93 45
94 8
95 59
96 31
97 41
97 73
98 24
99 65
