110
0 54
1 32
1 37
1 73
2 51
3 17
5 17
5 23
5 40
5 87
7 3
7 77
11 4
11 63
13 60
13 87
14 48
15 5
15 65
16 96
17 31
17 73
18 32
18 93
20 16
20 25
20 47
21 73
25 49
27 18
27 54
27 86
30 8
31 25
31 99
32 39
33 85
35 6
37 12
38 30
39 66
39 72
40 35
42 49
43 20
44 73
44 98
45 5
46 0
47 28
47 59
49 21
49 94
50 45
50 91
51 18
53 59
54 37
55 64
56 43
57 9
58 18
58 23
60 46
63 63
64 26
64 48
65 15
65 99
67 98
69 0
69 34
70 44
70 65
71 8
71 80
72 1
72 76
73 28
74 29
76 57
77 66
78 23
79 80
81 84
81 94
82 6
82 17
83 53
84 10
85 38
85 44
85 69
85 88
87 0
87 60
88 24
90 5
91 31
91 65
93 83
94 40
94 76
96 0
97 18
97 23
98 14
98 97
99 34
99 77
