# 33430.557908
105
0 6
0 18
0 42
0 53
0 74
0 87
1 67
2 95
3 23
3 53
7 71
8 30
11 2
11 7
13 80
13 88
14 41
15 27
16 12
16 76
16 96
18 43
19 7
22 25
22 26
22 44
23 42
24 93
25 3
25 11
27 85
29 64
30 56
30 95
32 76
34 61
35 1
35 32
35 50
37 99
38 24
38 92
40 77
41 10
42 32
43 3
43 62
43 70
44 46
44 61
44 84
45 50
46 41
47 9
48 23
48 89
49 49
49 75
50 6
53 35
54 16
55 21
55 30
58 7
58 56
58 64
58 89
60 32
60 97
61 15
61 47
63 72
65 5
65 33
68 19
69 34
69 43
70 54
74 40
74 99
75 3
76 18
77 24
77 70
77 85
77 91
79 0
79 10
80 64
82 92
83 24
83 40
85 31
85 54
86 58
87 81
91 79
92 6
92 35
93 97
96 13
97 67
98 92
99 8
99 41
