# 33070.399370
105
0 47
0 71
0 90
1 57
2 0
2 64
6 15
6 37
8 70
9 0
9 45
9 67
13 17
13 37
13 87
15 80
16 3
16 51
16 96
17 66
18 89
19 57
21 80
22 38
22 60
24 50
25 7
26 77
27 21
28 28
29 1
30 91
31 49
32 83
35 3
35 66
35 99
36 42
37 33
38 62
39 85
40 10
40 78
41 70
42 25
42 32
44 2
44 49
45 42
46 84
48 24
49 6
50 47
52 61
53 16
53 22
55 69
55 95
59 3
59 58
62 75
64 37
64 84
66 16
66 57
67 23
69 9
69 43
69 94
71 20
72 34
72 49
73 73
73 85
75 19
76 2
76 67
77 70
77 90
78 36
78 81
79 47
79 53
80 33
83 12
83 87
85 3
86 8
87 49
87 92
89 17
89 22
89 37
91 71
92 60
92 99
93 76
94 31
96 35
97 49
97 92
98 58
99 0
99 41
99 78
