108
0 6
0 12
0 62
3 24
3 52
3 70
4 76
4 92
5 48
6 8
7 28
7 34
7 62
10 2
12 70
13 21
13 42
14 5
14 61
16 84
17 50
17 98
18 19
18 40
19 43
19 77
21 29
21 69
21 99
23 72
24 23
27 55
29 4
29 31
29 90
30 81
31 10
34 28
34 35
34 51
34 57
34 85
37 17
37 76
38 42
39 6
39 66
41 56
41 90
41 98
42 13
43 24
43 32
44 70
48 2
48 32
49 26
49 85
49 94
51 0
51 18
51 36
52 77
54 65
54 69
55 50
56 39
58 15
58 64
60 22
62 79
63 8
63 44
64 91
65 1
67 17
68 25
70 44
70 62
71 32
72 55
75 18
75 60
76 76
77 39
80 90
81 2
81 53
83 16
83 72
84 30
85 64
87 2
87 75
88 50
90 54
90 96
96 5
96 48
96 99
97 20
97 49
97 56
98 28
98 34
99 12
99 70
99 85
