110
0 10
0 39
0 54
0 69
1 20
2 62
5 1
5 83
6 26
6 75
7 56
8 42
10 8
11 30
13 90
14 78
15 52
15 68
16 61
17 11
17 93
18 76
19 43
20 18
20 27
20 84
22 59
23 48
24 41
24 99
26 27
28 43
28 89
29 73
31 64
32 59
32 96
33 1
34 28
34 43
34 82
34 89
36 60
37 74
40 0
40 12
40 99
41 22
42 8
42 47
43 31
44 55
45 69
45 99
46 63
47 22
48 13
48 80
49 41
49 53
51 27
51 68
51 77
51 86
55 0
56 4
56 96
58 34
58 42
58 53
61 74
62 17
62 96
63 13
63 39
63 80
65 32
66 66
68 20
69 62
69 88
70 55
71 27
72 1
72 13
72 48
73 29
75 71
80 43
80 76
80 79
81 96
83 72
84 21
84 60
84 97
85 7
86 50
87 40
87 81
88 19
92 67
93 34
93 49
95 64
98 15
98 30
98 37
99 0
99 95
