# 37745.625418
110
0 4
0 96
1 57
1 81
2 64
3 18
5 14
7 78
9 22
10 5
10 71
11 47
12 30
12 61
13 44
15 52
16 4
16 27
17 94
18 71
19 82
20 49
21 34
21 85
22 99
24 7
25 16
25 68
25 76
29 46
29 49
29 54
29 80
30 2
30 37
30 63
32 32
33 63
34 70
35 30
35 56
36 89
37 40
38 5
39 19
39 91
42 28
43 43
44 50
45 72
46 34
47 2
47 22
47 61
48 80
48 90
50 56
52 32
52 99
53 17
53 18
54 47
55 0
55 61
56 38
56 82
58 53
59 99
60 36
60 44
60 67
61 0
61 16
61 21
62 89
66 37
66 70
66 80
67 23
68 51
69 62
70 84
71 11
73 30
73 98
75 4
76 90
77 9
78 62
79 76
81 21
82 56
83 42
84 48
85 21
87 28
87 96
88 64
88 73
91 35
91 45
92 8
94 13
94 90
96 99
98 31
98 50
98 83
99 17
99 36
