# 67383.993689
100
2 10
2 15
2 20
2 25
2 30
2 35
2 40
2 45
2 50
2 55
2 60
2 65
2 70
2 75
2 80
2 85
3 3
3 92
3 97
10 2
10 17
10 28
10 38
10 48
10 63
10 72
10 83
10 93
12 10
13 55
15 2
17 15
17 20
17 25
17 30
17 35
17 45
17 65
17 70
17 80
17 85
17 90
18 40
18 50
18 60
18 75
18 95
20 2
23 10
23 55
25 2
25 17
27 25
27 35
27 45
27 75
27 90
27 95
28 30
28 40
28 50
28 60
28 65
28 70
28 80
28 85
30 2
32 10
32 15
32 55
33 20
35 2
35 27
35 37
35 47
37 65
37 85
38 60
38 70
38 75
38 80
38 90
38 95
40 17
41 3
43 10
43 25
43 30
43 35
43 40
43 45
43 50
43 55
45 17
45 62
45 73
45 88
46 97
47 3
48 80
