# 36442.026167
109
0 0
0 34
0 42
0 71
1 77
2 56
3 23
4 50
5 14
6 91
8 64
9 55
9 82
10 37
11 23
13 7
14 32
14 96
16 16
17 24
18 49
18 66
19 35
19 52
21 90
23 11
24 72
25 17
26 86
27 2
27 52
28 26
28 95
29 33
29 67
30 12
31 43
32 59
32 90
33 24
35 54
36 5
36 38
36 96
39 63
40 11
40 46
41 0
41 79
42 21
43 35
46 45
46 60
47 29
49 21
49 75
51 6
52 46
52 89
54 94
55 34
55 71
58 59
59 51
59 89
60 41
61 13
62 58
65 2
65 27
66 10
66 43
67 38
70 2
70 74
71 86
71 98
73 5
73 25
73 59
76 33
76 54
77 19
77 83
78 66
78 99
80 27
80 75
82 39
82 89
84 6
84 46
84 61
84 68
86 53
87 1
87 9
87 70
87 93
88 23
90 9
90 76
91 84
92 61
93 98
97 25
97 92
99 46
99 59
