# 35476.263684
110
0 11
0 44
0 51
0 76
1 30
2 66
3 2
3 56
5 52
6 81
7 70
9 15
9 74
10 1
10 41
10 97
11 56
13 38
13 88
15 20
18 93
19 56
20 6
20 83
21 32
21 66
22 49
22 89
23 20
23 24
24 38
24 75
25 10
27 0
27 5
27 39
28 53
29 19
30 33
32 92
34 39
34 78
35 64
36 54
36 85
36 93
37 25
39 14
39 68
39 99
41 79
42 51
43 7
43 17
45 37
47 84
49 65
49 78
52 93
53 17
53 41
53 45
53 82
54 26
54 68
56 59
56 99
57 12
58 18
59 32
60 48
63 27
63 72
66 34
66 92
67 44
67 86
68 78
69 3
69 27
69 67
70 84
73 13
73 99
74 3
74 62
75 45
77 30
80 36
81 16
81 58
83 30
83 78
83 96
84 72
84 87
87 16
88 39
90 32
90 54
90 88
93 45
93 96
94 13
94 69
95 4
97 31
98 7
99 21
99 77
