109
0 50
0 67
0 91
1 18
1 52
2 36
2 82
5 76
6 15
6 32
7 66
10 82
10 98
11 38
13 1
13 52
14 74
15 30
16 91
17 97
19 39
19 79
20 25
21 56
21 60
22 74
23 11
23 42
24 1
24 17
24 93
26 65
27 51
27 82
29 29
29 76
31 7
32 99
33 12
34 66
35 52
35 80
36 29
36 34
38 20
38 48
38 95
39 19
39 59
40 14
40 73
45 0
45 90
47 96
48 59
48 70
51 25
51 76
52 39
53 40
53 55
54 11
55 25
55 97
58 69
58 70
60 2
60 26
61 12
61 52
62 41
62 86
66 32
67 17
67 56
68 32
69 81
70 12
71 62
74 18
74 20
74 99
76 44
76 52
77 69
78 8
81 15
82 30
83 85
84 71
85 5
85 68
85 90
86 41
86 56
87 33
91 15
92 52
92 73
92 99
94 7
95 67
97 17
98 84
99 2
99 32
99 47
99 50
99 70
