# 31133.124103
104
0 0
0 31
1 99
2 12
2 85
4 4
5 51
5 68
6 99
7 18
9 92
10 82
13 10
13 56
14 34
15 0
16 42
17 86
17 95
18 0
21 14
21 68
21 72
22 53
24 89
26 70
28 55
29 9
30 27
31 48
31 69
31 84
31 94
32 34
34 99
35 12
35 15
35 74
36 54
37 51
38 35
42 50
44 26
45 73
45 90
47 4
47 30
47 66
48 80
49 99
50 0
50 44
50 76
51 52
52 38
53 32
54 58
54 84
55 17
56 15
56 99
59 55
59 65
59 92
60 12
61 34
62 19
66 96
67 67
68 0
68 32
68 81
69 51
69 88
70 14
70 46
71 37
72 21
72 73
74 65
75 35
75 97
77 7
78 12
78 50
80 60
82 78
83 92
84 16
84 25
85 1
85 56
86 47
89 33
90 70
91 95
93 44
94 6
97 89
98 29
98 82
99 2
99 20
99 99
