108
0 49
0 79
0 84
2 57
2 94
3 74
4 82
5 40
5 59
6 25
7 99
8 4
12 19
13 85
14 5
14 29
14 38
14 75
14 98
16 52
16 58
16 68
18 75
18 92
19 43
20 54
21 59
23 10
23 71
24 86
24 95
26 27
27 11
28 76
29 6
29 31
30 65
32 34
32 73
32 90
34 27
34 49
34 82
35 61
38 17
40 20
40 76
40 85
41 62
44 62
45 4
48 39
48 48
49 19
50 34
50 80
51 10
54 25
54 55
54 86
55 39
55 72
56 94
59 2
60 93
61 59
61 75
62 43
63 2
66 13
67 62
68 19
68 56
68 81
69 76
73 0
73 12
73 34
73 44
75 60
76 89
77 38
77 74
78 29
81 63
82 14
82 15
82 33
82 91
83 48
83 92
88 83
90 95
91 4
91 64
91 75
92 20
92 31
92 37
95 66
96 25
97 14
97 22
97 40
98 5
98 50
98 60
99 92
