102
0 8
0 36
2 59
3 73
4 99
5 22
5 51
7 76
8 7
9 66
9 73
10 94
12 45
13 8
14 89
15 51
17 79
18 58
19 23
19 97
20 32
21 14
22 38
22 51
22 72
25 7
25 28
25 67
26 73
27 11
27 22
29 45
29 94
30 87
33 95
34 69
35 8
35 50
36 86
37 19
37 51
39 43
40 65
41 1
41 72
42 9
45 49
47 29
47 31
48 94
48 97
49 10
50 78
51 24
52 50
55 3
55 19
55 98
56 65
56 74
56 93
58 60
59 79
60 40
60 51
61 36
62 69
63 13
63 99
64 0
65 25
66 85
69 15
72 12
72 59
72 68
73 26
73 60
75 35
75 44
77 75
77 94
80 0
80 15
80 67
81 79
84 93
86 53
87 27
89 41
89 61
89 85
90 21
91 76
94 5
95 90
96 14
96 42
97 0
97 62
98 90
99 31
