# 36896.003354
113
0 26
0 71
1 42
2 10
2 56
2 99
3 36
3 86
6 77
6 92
7 70
8 1
8 43
9 15
9 37
9 60
10 23
13 34
14 8
15 22
17 40
17 63
17 87
20 21
20 47
20 99
22 2
23 10
23 61
24 44
25 42
25 75
25 95
26 17
27 0
29 3
30 23
30 31
30 57
31 89
32 72
33 79
34 48
37 50
37 58
39 43
41 14
41 22
41 67
43 0
43 37
43 97
44 29
46 21
47 35
47 73
47 83
48 91
50 98
51 61
52 26
54 57
54 75
54 84
55 9
57 47
58 64
60 19
60 41
61 33
61 62
62 8
64 85
67 25
67 46
67 76
67 99
68 32
69 4
71 90
72 11
73 53
73 70
74 6
74 39
74 99
75 58
76 93
78 1
78 67
79 15
81 52
82 81
83 35
85 28
87 13
87 75
87 82
88 49
88 64
88 94
89 30
91 56
93 3
93 78
94 72
94 95
96 81
97 45
99 23
99 40
99 62
99 95
