# 29660.918890
100
0 0
0 29
0 78
1 56
1 95
2 15
5 6
6 33
6 99
7 62
7 65
8 79
10 11
10 43
11 48
13 76
14 62
17 20
17 90
18 17
19 44
19 92
21 56
22 35
23 72
25 94
27 14
27 56
27 78
28 7
31 23
32 98
33 97
34 43
34 63
35 50
36 29
36 71
36 80
40 20
41 37
41 57
42 10
42 25
42 96
45 0
46 4
46 91
47 7
47 82
48 38
49 52
51 68
52 21
53 87
55 36
55 51
55 63
56 23
56 28
58 58
59 97
61 5
62 44
63 38
63 77
64 63
64 90
67 3
67 18
68 57
69 39
69 71
70 22
74 16
74 25
74 53
76 0
77 39
77 72
77 76
80 48
80 97
81 34
82 20
82 58
84 77
85 95
87 47
88 26
90 82
92 6
92 56
94 44
96 1
96 25
98 75
99 15
99 39
99 57
