# 34704.060364
109
0 13
0 21
0 31
0 55
1 88
2 50
4 36
7 0
8 43
8 96
9 16
9 73
10 65
11 34
11 82
12 40
14 20
14 94
17 0
17 11
18 53
19 30
20 78
20 86
21 68
22 6
22 25
23 44
25 29
25 59
26 37
27 51
29 84
31 65
33 15
33 98
36 27
36 86
39 69
40 32
41 18
44 45
45 55
45 75
46 9
46 97
47 83
48 69
49 35
50 0
50 16
50 49
50 92
51 27
52 75
53 43
56 29
57 57
58 0
59 15
60 26
60 97
61 9
61 92
63 40
64 63
64 78
65 26
65 56
66 12
66 17
66 72
66 92
67 46
71 76
73 18
74 0
74 29
77 3
77 35
78 49
79 59
79 99
80 13
80 21
80 88
80 94
81 44
81 66
82 3
83 73
84 54
85 27
86 18
86 42
91 79
94 30
94 50
94 90
94 96
95 45
96 0
97 60
98 14
98 35
99 6
99 67
99 76
99 95
