110
0 18
1 3
2 12
2 32
2 61
2 77
4 47
4 99
5 93
6 69
6 79
7 5
7 27
8 45
10 0
11 13
11 37
12 22
16 57
17 28
18 8
18 23
19 66
19 94
20 34
20 50
21 57
21 80
22 3
22 80
24 1
24 30
25 16
26 21
26 90
29 76
31 56
32 4
32 42
33 13
33 41
33 65
35 27
37 7
37 36
38 71
39 0
40 22
40 46
40 85
43 64
44 23
44 50
45 87
46 2
47 16
47 19
47 44
48 34
48 59
49 28
51 0
51 8
51 64
55 85
56 78
57 71
58 44
59 63
60 27
61 18
61 49
61 98
62 10
65 24
65 63
66 14
67 0
67 46
69 9
70 29
70 77
72 89
73 68
75 58
75 97
76 34
76 51
81 53
82 2
82 15
84 39
84 81
86 85
87 1
87 25
88 29
89 15
89 66
90 36
91 43
91 99
92 52
94 63
95 8
96 12
96 90
98 22
98 49
99 82
