106
0 31
0 72
0 81
2 15
2 45
4 1
4 95
6 22
8 93
9 39
10 15
11 61
12 58
13 66
13 78
15 29
16 10
17 43
17 84
18 94
20 26
20 36
21 75
24 89
26 39
26 54
27 81
28 13
28 22
30 69
32 52
32 90
32 98
33 19
35 38
36 26
36 52
37 43
38 67
39 1
39 75
42 17
43 50
44 40
46 36
47 9
47 54
47 94
50 11
51 35
52 70
53 62
53 77
53 86
54 76
54 94
55 25
57 52
60 28
60 37
60 62
61 10
61 47
61 98
62 2
63 54
63 80
65 37
68 72
69 23
70 7
70 41
70 81
74 23
74 97
75 9
75 69
78 19
78 41
78 43
80 83
80 90
82 33
82 73
83 57
83 97
84 0
84 39
85 6
87 57
87 77
88 16
89 72
90 33
92 51
94 43
95 24
96 29
96 71
96 89
97 14
97 54
98 0
99 7
99 28
99 47
