# 33701.431840
107
0 18
0 39
0 80
1 4
1 25
1 71
1 95
3 85
4 66
6 0
7 52
7 88
8 17
9 69
16 32
20 3
20 27
20 82
21 60
21 90
22 19
23 68
24 13
24 44
24 91
26 51
28 5
28 82
29 15
30 46
30 75
31 61
31 68
34 32
35 36
36 53
36 91
38 14
38 16
38 98
39 60
40 31
41 46
42 66
42 77
42 84
45 50
47 25
47 44
48 3
48 64
49 97
50 84
52 11
52 67
54 90
55 23
56 37
56 48
56 59
56 76
56 98
57 38
59 73
61 10
63 24
64 80
65 13
65 33
66 5
67 57
70 38
70 87
71 0
71 29
71 58
71 93
71 98
73 7
74 21
76 0
77 42
79 19
79 36
79 99
80 25
81 56
81 78
82 78
84 64
85 42
85 95
86 81
87 56
90 1
91 4
91 11
91 28
93 18
93 94
96 86
97 24
98 15
99 32
99 41
99 64
99 69
