105
0 52
0 71
1 0
1 25
2 5
2 27
2 59
3 43
4 97
5 74
6 65
6 88
9 40
9 48
10 81
11 61
13 17
14 32
15 17
16 39
17 3
17 54
19 88
20 63
21 72
22 32
23 47
24 21
25 99
27 6
27 9
27 48
27 76
29 52
30 66
32 34
32 42
32 81
32 94
36 79
36 87
37 27
39 63
40 0
40 18
40 54
41 61
42 44
43 24
46 91
47 68
48 4
49 61
49 79
50 1
51 28
51 94
52 44
55 65
56 4
57 73
58 15
58 30
58 94
61 44
61 87
62 58
63 65
63 86
64 0
64 22
64 77
66 14
66 30
68 49
71 8
71 64
71 88
72 97
73 79
74 35
75 44
75 68
76 80
76 97
77 87
80 19
81 36
82 27
82 47
88 61
88 76
89 6
89 21
90 40
90 93
91 54
91 80
92 7
93 94
95 35
97 26
98 54
98 78
99 40
