105
0 12
0 73
1 50
1 90
4 12
5 29
5 67
5 93
6 2
6 86
7 76
8 46
8 96
9 53
10 25
11 10
13 70
14 14
15 33
16 80
18 48
18 86
19 24
19 56
22 67
23 38
24 21
27 86
27 99
28 20
29 9
29 67
30 72
31 5
31 68
32 6
32 49
33 26
33 58
34 86
36 0
36 82
37 30
38 53
39 9
43 98
44 62
45 12
45 35
46 42
47 56
49 20
49 44
49 98
50 61
50 77
52 27
52 84
53 5
55 13
55 76
57 82
58 65
60 29
61 49
64 64
65 41
65 98
66 78
67 18
68 30
68 55
68 95
69 14
70 0
71 23
71 81
72 59
74 74
75 31
75 54
78 3
80 12
80 40
80 47
81 23
82 61
85 84
86 54
86 93
88 68
89 82
90 23
92 39
93 8
93 34
93 62
94 13
94 72
96 43
97 66
97 95
98 5
99 21
99 80
