105
1 23
1 42
1 73
1 79
2 37
2 58
7 37
7 60
8 55
10 8
10 82
13 34
13 96
16 4
16 20
16 77
17 35
17 98
18 22
18 49
18 69
19 83
20 50
20 93
22 64
24 16
25 0
25 9
25 43
26 67
28 32
28 89
29 46
30 61
31 75
32 18
33 12
33 39
34 6
34 45
36 24
36 68
36 77
37 91
39 10
40 63
43 54
43 93
44 6
44 28
45 74
46 80
50 36
50 53
51 73
51 96
52 79
53 6
55 39
59 25
60 19
60 61
61 49
62 63
62 87
63 80
64 1
64 17
64 56
65 71
66 32
67 2
68 87
71 34
71 49
72 97
76 17
76 48
76 67
76 86
77 82
77 98
79 2
79 26
79 78
80 93
85 33
85 45
86 56
87 85
88 6
89 73
90 14
90 50
91 20
91 35
91 76
92 29
94 92
94 99
96 69
98 55
98 62
99 15
99 38
