109
0 1
0 32
1 25
1 54
2 57
2 73
3 39
4 11
4 64
4 85
5 16
8 99
10 36
10 43
12 85
13 65
16 4
16 45
16 70
17 79
18 10
18 65
18 89
19 31
22 17
23 3
24 37
24 45
26 53
26 59
27 89
28 31
28 79
29 94
31 50
32 8
32 18
32 54
32 73
33 26
33 75
35 96
36 91
38 4
38 9
38 41
40 61
43 25
43 99
44 41
45 67
45 83
46 6
46 17
46 85
47 59
49 79
50 86
51 20
51 32
51 96
54 59
56 34
58 50
59 45
59 65
59 74
61 0
62 4
62 9
64 26
65 91
66 46
66 80
67 81
67 97
69 20
69 63
70 2
70 21
70 36
72 39
74 13
75 58
76 3
76 35
78 20
78 36
80 74
80 90
81 72
81 91
82 41
83 82
84 0
85 14
87 4
87 48
88 66
88 99
89 56
92 16
93 63
94 49
95 2
95 97
96 70
98 31
98 78
