103
0 57
0 58
2 92
3 11
4 82
6 37
8 3
8 20
9 17
9 25
10 76
12 66
12 81
13 67
14 42
14 52
15 61
17 32
17 95
18 5
19 18
19 46
22 0
23 40
24 16
24 48
24 96
25 26
27 30
27 71
28 81
29 56
30 61
32 1
32 11
33 44
33 67
34 22
34 97
35 83
36 91
38 37
40 47
40 97
41 0
43 7
43 33
44 66
45 19
47 2
47 63
47 70
49 85
51 49
52 12
52 68
53 39
53 54
54 6
55 83
56 95
57 48
58 11
58 81
59 21
62 39
63 26
64 66
65 15
68 71
70 81
71 12
72 28
72 38
72 49
72 86
73 95
74 80
76 45
78 30
80 10
80 16
82 26
82 72
83 0
85 57
85 78
86 43
86 47
86 89
89 21
92 32
93 66
94 9
94 18
95 49
95 86
96 21
96 71
97 65
97 98
98 35
99 81
