# 37332.115570
116
0 0
0 19
0 31
0 67
1 81
1 85
2 26
2 57
2 96
5 12
7 0
7 49
8 43
8 80
10 9
10 29
11 93
12 39
13 25
13 44
13 73
14 15
15 82
16 64
17 68
17 91
18 26
19 8
19 98
20 12
20 57
22 50
23 59
25 5
25 92
26 33
28 19
28 25
29 83
30 54
31 39
31 47
31 88
32 18
34 16
34 32
35 2
35 68
35 91
36 22
37 70
40 0
40 51
41 40
41 84
44 26
47 81
47 99
48 54
48 60
49 16
50 0
50 40
50 95
51 23
51 74
51 85
52 8
52 60
53 32
54 68
55 9
55 99
62 32
63 6
63 69
64 44
65 24
65 49
65 87
66 55
66 79
68 69
69 5
69 94
70 19
70 27
73 33
73 42
73 99
74 19
77 70
80 17
80 97
81 46
81 55
81 79
82 65
83 3
83 72
86 11
86 93
88 51
89 19
89 79
90 96
91 36
91 60
98 34
98 68
99 1
99 23
99 41
99 48
99 64
99 82
