109
0 23
0 98
1 0
1 7
2 14
3 63
3 83
4 28
5 48
5 69
6 63
10 34
10 87
12 20
12 82
14 27
15 6
16 0
16 57
18 80
20 6
20 15
20 57
21 54
21 71
22 79
23 65
24 30
24 42
24 93
25 36
26 22
29 26
31 5
31 48
33 80
34 10
34 97
35 33
35 94
36 22
37 51
38 62
39 41
39 77
40 8
41 37
41 97
43 23
44 76
45 49
47 67
48 42
50 6
50 21
50 26
51 99
52 49
53 28
53 61
53 81
53 85
54 2
55 10
55 35
55 71
57 54
58 80
61 48
62 84
63 99
64 15
64 24
64 37
66 20
66 55
67 20
67 62
68 0
68 41
68 64
71 93
72 78
73 26
73 98
75 50
75 68
75 78
76 37
78 3
80 52
81 48
82 23
82 63
84 38
84 99
85 89
87 56
88 85
89 46
89 99
90 11
90 62
90 80
94 39
95 0
98 47
98 75
98 95
