116
0 39
0 55
0 63
0 99
2 23
2 65
3 4
3 7
3 31
5 79
6 2
6 40
7 87
8 26
8 61
12 43
13 21
14 48
14 93
15 58
16 13
16 75
17 57
17 89
18 50
18 72
18 78
19 47
20 95
21 80
22 33
23 72
25 11
28 29
28 67
28 90
29 87
30 3
31 58
33 43
34 25
34 99
35 64
36 50
38 57
39 5
39 9
39 43
40 78
42 94
43 67
43 88
44 0
44 44
46 92
47 37
47 72
50 66
52 28
53 3
53 13
56 82
57 53
57 96
58 10
58 62
60 0
60 16
60 81
60 88
61 35
62 54
63 28
64 2
64 72
67 86
68 20
68 69
69 93
70 34
71 49
71 55
72 65
73 61
74 7
75 40
75 84
77 58
78 1
78 75
79 37
80 23
81 85
82 44
82 79
83 0
84 88
85 17
85 52
86 28
87 14
89 66
91 60
91 68
92 96
94 12
94 35
94 41
95 21
96 90
96 98
97 29
97 73
97 82
99 6
99 55
