112
0 19
0 84
0 93
0 99
1 56
1 76
2 23
3 8
3 70
6 38
6 96
7 49
8 35
8 81
9 21
11 3
12 59
13 28
13 66
14 14
14 44
15 49
16 34
17 12
17 86
18 66
20 72
21 96
22 89
23 42
24 80
25 97
27 24
27 51
28 59
28 65
29 42
31 48
32 17
32 28
33 80
33 98
35 9
35 63
36 13
36 71
36 77
37 25
39 32
40 94
41 48
41 80
42 63
44 89
45 50
46 73
47 96
49 7
49 35
49 45
50 10
50 19
50 42
50 69
51 85
53 88
54 5
54 71
56 56
59 30
61 84
63 54
63 71
64 99
65 31
65 92
67 46
68 28
68 35
69 49
69 78
70 1
70 69
71 9
74 97
75 42
78 16
78 22
78 46
78 74
79 38
79 60
79 90
81 57
83 8
83 60
84 31
84 71
87 17
88 2
89 93
92 76
92 99
93 48
94 9
94 26
95 96
97 27
97 55
97 80
99 12
99 62
