# 34056.604364
105
1 7
1 22
1 44
3 26
4 89
5 47
6 61
8 9
8 70
9 86
12 79
15 11
15 49
16 32
17 98
22 27
22 48
23 6
23 58
23 74
24 65
25 1
26 80
29 8
29 43
31 16
31 23
35 95
36 43
36 66
37 22
37 57
37 80
37 87
38 12
38 72
38 99
41 0
41 52
42 63
43 7
44 38
46 24
47 41
48 14
48 33
49 0
51 19
51 79
51 88
52 61
54 71
54 97
55 5
55 47
56 52
58 75
61 4
61 9
61 25
61 45
62 31
62 51
64 69
66 21
66 76
67 60
67 90
70 49
71 19
71 67
72 34
72 82
75 1
75 93
76 28
76 48
77 10
77 52
77 57
77 76
78 99
79 38
80 22
81 62
82 97
83 66
85 40
86 72
86 87
89 18
90 46
91 55
93 28
93 87
94 25
94 70
95 9
97 0
97 62
97 78
98 46
98 55
99 11
99 41
