111
0 89
1 4
2 65
3 51
4 19
4 28
4 59
4 96
5 35
5 45
7 5
7 87
8 9
8 73
11 32
13 74
13 80
14 47
14 48
16 92
19 41
19 98
20 8
20 17
20 27
20 48
20 61
23 3
24 26
24 69
27 0
27 76
30 38
30 47
30 82
32 56
32 57
33 63
34 21
34 89
35 40
38 15
38 29
38 72
39 58
40 7
41 36
41 68
42 0
44 29
44 53
45 99
48 47
49 90
50 37
50 80
51 16
53 0
53 72
54 22
54 55
54 74
55 65
57 36
58 66
59 91
61 6
63 38
63 92
65 43
66 31
66 66
67 49
68 76
70 12
70 16
70 45
71 59
71 99
74 54
75 30
75 92
76 16
76 73
77 77
80 34
82 20
82 68
83 51
84 44
85 91
86 13
86 54
88 24
88 84
89 64
89 81
89 97
90 8
90 70
93 0
93 87
95 38
97 52
97 63
97 68
98 23
98 46
98 98
99 7
99 14
