111
1 98
2 10
2 18
2 52
2 77
3 46
4 30
4 76
6 11
6 62
7 3
10 22
11 59
15 33
15 36
16 14
16 22
16 96
17 52
17 59
20 76
21 32
21 70
22 5
22 99
24 67
25 47
25 55
25 72
28 77
29 28
29 37
30 20
30 52
30 87
31 35
33 1
33 87
35 15
35 45
37 1
38 87
39 64
40 49
43 46
43 94
44 29
44 57
44 63
45 37
46 36
47 82
47 98
49 77
49 92
50 44
57 47
57 72
57 93
58 30
58 86
59 30
59 61
60 21
60 51
61 53
62 3
62 11
63 95
64 85
65 4
65 26
66 34
67 18
67 48
67 71
70 41
72 0
72 8
73 72
73 85
74 56
74 86
75 22
75 42
75 49
77 66
79 5
79 27
79 94
81 13
83 47
83 62
85 68
87 0
89 84
90 16
91 35
91 42
91 92
93 23
94 89
95 70
96 2
96 12
96 85
98 60
99 22
99 29
99 49
99 65
