102
1 6
1 26
2 78
4 62
5 2
5 55
5 92
6 47
8 77
9 41
9 84
11 27
11 96
15 22
15 71
16 3
18 14
18 55
19 60
20 93
22 74
24 37
27 14
31 0
31 6
31 38
31 99
32 85
33 64
34 82
35 26
35 28
36 14
37 21
37 68
37 99
40 51
42 28
43 74
43 84
44 37
44 60
45 54
45 93
46 3
46 9
46 45
48 78
50 5
50 30
51 20
51 40
54 15
54 97
55 51
57 81
57 90
58 34
58 67
60 2
61 59
62 95
63 49
63 77
64 31
64 86
66 3
66 25
66 35
66 52
67 8
67 63
68 72
69 19
71 48
71 92
72 33
74 68
75 47
75 86
78 33
79 82
80 16
80 70
81 60
83 24
84 10
86 57
86 60
86 75
87 31
89 40
91 2
92 88
93 26
93 44
93 78
95 57
98 5
98 84
98 87
99 21
