104
0 36
0 52
0 98
2 74
3 25
3 66
4 5
4 15
4 59
4 89
6 39
7 51
8 71
10 6
10 46
12 96
13 26
16 32
17 67
18 18
18 98
20 9
22 46
22 77
24 63
25 69
26 15
26 32
26 47
26 94
27 23
27 77
30 9
30 89
34 56
35 36
35 94
36 35
36 66
37 10
37 80
38 50
39 3
40 64
40 69
41 20
43 97
44 6
44 93
45 16
45 46
47 45
47 75
48 51
48 66
52 11
52 19
53 18
53 31
53 74
54 46
55 27
56 60
56 91
58 32
59 5
59 95
62 54
63 8
63 74
64 45
64 88
65 59
67 73
68 10
68 39
72 39
72 46
72 81
74 97
75 16
75 31
76 80
77 62
78 94
79 1
82 95
83 3
83 48
85 17
86 49
87 41
87 89
89 24
94 28
95 75
96 37
97 8
97 61
97 89
97 99
98 27
98 57
99 42
