# 35835.923844
112
0 1
0 24
0 57
0 98
1 38
1 64
1 88
5 84
6 18
8 0
10 14
10 99
11 75
14 4
14 49
14 51
15 37
15 55
16 87
16 94
18 78
19 35
20 19
21 9
21 24
21 55
21 73
25 98
26 38
27 76
28 48
30 96
32 9
32 46
32 82
33 89
33 98
34 0
34 26
34 61
35 26
35 64
37 75
38 35
39 46
42 14
42 40
44 0
44 73
45 15
46 39
46 83
47 88
48 32
48 58
49 17
50 69
51 69
51 98
52 40
52 55
54 26
54 45
56 15
56 93
58 48
59 9
59 31
60 81
61 95
63 19
63 49
65 66
66 68
67 52
68 47
69 2
69 62
72 25
72 92
73 7
73 70
74 1
74 85
75 77
75 99
77 23
77 36
77 55
79 99
80 63
81 70
82 56
83 49
86 15
87 13
87 77
88 70
91 53
92 35
93 35
93 95
94 0
95 28
96 72
97 51
97 65
98 37
98 49
98 80
99 0
99 57
