111
0 8
0 17
0 43
0 64
0 79
1 0
1 57
1 93
5 6
5 48
5 86
6 60
6 65
8 31
9 79
10 45
11 24
14 17
14 48
14 82
14 88
15 6
15 99
16 31
18 20
18 68
19 54
20 3
20 35
21 69
23 4
23 51
23 77
24 34
27 5
27 54
27 88
30 1
30 37
33 61
33 80
34 15
36 87
37 44
39 79
40 13
40 35
41 7
41 28
42 49
44 70
45 44
45 49
45 95
48 4
48 78
48 90
50 13
51 38
51 88
52 27
54 32
54 47
54 98
57 56
58 75
59 25
60 13
61 84
61 99
62 61
63 46
65 19
65 60
66 4
66 80
67 38
68 86
69 8
69 66
72 22
72 51
72 82
74 31
74 92
76 90
77 3
77 61
77 98
79 17
80 64
81 40
82 0
82 93
85 4
85 59
86 77
87 38
87 99
89 19
90 52
92 35
93 53
93 82
94 46
95 10
95 99
96 1
97 73
99 8
99 67
