# 34516.536833
108
0 13
0 90
2 78
3 67
5 6
5 24
6 29
9 86
10 66
11 19
11 52
12 2
12 33
12 80
13 96
14 45
15 16
18 38
19 31
19 73
20 52
20 68
21 0
25 9
26 26
26 32
26 78
27 92
27 98
28 56
29 12
29 18
30 64
31 93
34 49
35 63
36 44
37 30
37 77
37 87
38 16
40 27
41 95
42 80
43 11
43 31
44 74
45 59
45 89
45 99
47 66
48 52
49 16
52 0
52 42
53 21
54 10
54 88
55 56
55 74
56 37
57 48
58 19
59 91
61 33
61 72
62 23
63 9
65 86
66 2
66 37
67 18
68 65
69 48
70 6
70 56
70 79
72 23
72 38
72 97
76 16
77 24
77 46
78 63
79 91
79 99
80 39
81 90
83 0
84 76
85 46
85 66
87 7
87 96
89 16
89 81
90 52
91 23
92 81
93 45
94 97
95 66
95 89
96 16
96 37
98 75
99 23
99 41
