106
0 26
0 52
1 7
1 40
2 85
3 12
3 47
5 59
6 33
7 26
8 40
11 70
11 87
12 17
12 80
12 95
13 59
15 48
17 16
17 99
19 1
19 27
20 59
22 31
23 13
23 53
25 74
26 45
26 67
27 6
27 97
28 56
29 81
32 70
32 94
33 0
33 20
33 42
33 48
35 56
36 62
38 5
38 81
39 28
40 47
40 71
41 12
41 57
42 23
44 94
46 77
46 97
47 16
47 26
47 53
49 36
49 60
50 53
50 91
51 11
51 95
53 39
54 45
55 74
56 27
59 8
59 90
60 75
60 81
61 44
63 22
63 40
64 55
65 16
65 99
66 30
66 62
66 85
67 54
69 70
71 0
72 29
73 87
75 98
77 41
79 22
80 95
81 0
81 7
81 55
81 67
82 16
83 60
84 81
85 2
87 26
91 40
91 89
93 46
94 60
94 98
96 15
96 44
98 22
99 1
99 71
