113
1 6
3 31
4 26
4 68
4 77
6 58
7 13
7 50
7 89
8 27
8 73
9 4
11 19
11 64
12 56
14 14
15 0
18 38
19 5
19 64
19 81
20 98
22 31
22 46
22 87
23 73
24 42
24 98
25 3
25 80
26 57
26 66
26 72
27 26
28 27
29 87
32 41
33 7
33 56
33 85
35 14
35 22
36 67
37 48
37 81
38 41
38 99
39 8
39 50
39 85
40 65
41 33
45 98
46 48
46 78
47 26
47 37
47 62
47 79
48 6
49 21
50 75
52 35
52 57
52 93
53 43
53 80
54 10
54 60
56 5
57 97
58 90
60 20
60 50
60 73
61 25
61 35
62 4
66 87
67 72
67 95
69 61
70 36
70 91
71 99
72 77
73 43
76 68
77 29
77 58
77 82
79 9
79 24
79 73
81 66
81 89
82 27
83 39
84 80
85 3
86 56
86 95
87 42
90 52
90 67
91 84
93 18
93 38
93 77
95 94
97 43
97 86
98 79
