112
0 33
0 98
1 68
1 72
3 5
3 34
3 50
4 82
6 67
9 19
9 34
10 97
11 4
11 29
12 1
12 57
13 80
15 71
16 15
17 48
20 87
22 44
23 58
24 10
24 65
26 27
27 34
29 4
30 13
30 76
31 41
32 77
33 21
34 33
34 67
34 88
36 0
37 59
37 96
38 7
40 25
40 53
40 62
41 16
41 35
41 80
41 90
44 32
45 46
46 10
46 70
46 75
47 40
48 56
49 78
51 99
52 95
54 27
54 42
54 50
54 58
55 73
57 17
57 84
58 18
58 31
60 3
63 50
63 81
63 85
64 61
65 2
66 22
66 96
67 36
68 41
68 56
68 66
71 7
71 81
73 16
73 99
74 67
76 38
76 59
77 1
77 84
78 45
80 18
82 35
82 40
82 65
82 85
83 54
85 3
86 79
87 11
87 58
91 87
92 50
93 25
93 64
94 15
94 44
96 0
97 33
98 92
99 19
99 43
99 72
99 87
99 99
