101
0 37
1 2
2 10
3 47
4 20
5 41
6 27
9 6
9 85
9 96
10 13
10 48
12 28
15 10
15 71
16 3
16 19
16 90
20 25
20 85
21 27
21 57
23 2
23 37
24 85
25 8
25 71
26 19
26 29
27 99
29 9
29 50
29 70
31 56
32 42
33 96
34 2
34 19
37 43
38 35
39 81
40 67
41 28
43 7
43 69
44 44
44 63
45 29
46 16
47 97
50 4
50 85
51 15
51 57
53 79
53 99
54 40
56 53
57 17
58 97
59 24
59 31
60 45
61 5
62 74
63 89
64 39
64 69
65 18
66 32
67 90
67 98
69 46
69 76
71 55
72 14
73 17
76 61
76 79
78 89
79 16
80 2
80 36
80 56
83 70
85 29
85 85
87 43
88 12
88 71
90 1
91 57
92 65
93 51
94 4
94 15
94 21
94 37
96 80
98 66
99 18
