106
0 83
0 90
1 16
2 35
3 53
4 30
4 98
8 68
9 31
10 39
10 76
12 66
13 45
14 91
15 20
15 77
16 38
16 59
18 97
19 3
20 18
22 56
22 90
23 0
23 62
24 33
24 75
24 81
25 8
27 47
28 51
29 29
31 68
32 87
33 11
33 99
35 38
37 46
37 66
38 27
39 1
40 10
41 45
41 70
42 0
43 26
43 59
44 40
46 67
48 17
49 13
50 53
50 56
51 99
52 33
52 39
52 92
54 16
54 72
55 6
55 49
55 84
57 23
58 70
59 41
63 36
66 28
67 66
67 89
68 55
68 71
69 83
70 2
70 14
70 32
71 50
71 97
72 10
72 75
74 53
76 12
77 28
77 91
80 44
81 36
82 65
83 89
84 73
85 64
85 98
86 1
86 30
87 10
87 71
87 79
88 38
89 55
91 89
92 16
93 27
94 46
94 75
96 55
96 60
98 29
99 8
