# 35167.660332
113
0 14
0 22
0 38
0 66
1 7
1 32
3 84
4 43
4 52
9 77
10 12
10 56
11 94
12 2
13 51
14 24
14 70
15 29
15 90
16 11
17 74
19 67
20 95
21 25
24 14
26 0
26 45
26 80
27 8
27 52
28 97
29 22
29 31
30 80
32 16
32 58
33 0
34 65
35 87
35 96
39 61
40 41
40 78
41 5
41 14
41 46
41 69
42 40
42 95
43 20
43 26
44 0
44 75
46 35
47 6
49 49
49 99
50 58
50 88
53 30
53 72
54 52
54 82
55 2
55 9
56 37
57 16
57 45
57 66
59 99
61 0
61 30
61 68
63 40
63 95
64 62
67 13
68 81
69 27
71 41
73 26
73 84
74 12
74 94
76 0
76 53
76 87
78 61
78 67
79 39
80 26
80 98
81 3
81 14
81 53
81 70
83 28
88 95
89 15
90 41
91 50
92 24
92 90
93 32
94 76
95 0
95 58
96 54
97 10
97 44
97 72
98 83
99 16
