205
0 14
0 22
0 40
0 56
0 66
0 90
0 98
1 0
1 7
1 51
1 75
1 80
2 32
3 20
3 60
3 84
4 11
4 30
4 36
4 46
4 51
4 70
4 75
4 94
6 1
10 12
10 28
10 36
10 52
10 68
10 76
11 94
14 86
15 2
15 20
15 42
15 61
16 34
16 90
17 62
18 16
18 40
18 48
18 99
19 56
19 72
19 80
20 6
20 24
21 0
22 16
22 24
22 40
22 48
22 88
23 62
24 31
24 56
25 0
25 5
25 99
26 74
27 60
27 78
29 70
30 17
30 76
31 2
31 36
31 92
32 26
32 44
32 50
33 12
33 84
34 76
35 10
35 94
36 21
36 36
36 45
36 85
37 50
38 30
38 59
39 2
39 48
39 68
40 7
40 89
41 38
42 54
42 99
44 63
44 73
44 82
45 0
45 16
45 24
45 32
46 32
46 64
48 0
48 73
49 5
49 15
49 21
49 78
49 91
50 39
50 58
51 49
51 68
51 98
52 86
53 14
53 30
53 77
54 1
54 44
54 63
55 36
56 18
56 94
57 52
58 44
58 52
59 36
59 85
61 30
61 95
62 14
62 58
63 2
63 67
63 77
64 16
64 20
65 6
65 50
65 58
66 91
66 99
67 81
68 0
68 30
68 42
68 73
69 24
69 64
70 0
70 64
71 26
71 73
72 48
72 56
73 5
73 33
73 40
73 78
75 97
76 16
76 88
77 26
77 70
77 78
78 1
78 19
78 42
78 87
79 12
79 52
79 61
80 94
81 36
83 10
84 19
85 2
85 85
86 54
86 59
87 30
87 38
87 45
87 75
87 94
88 68
89 98
92 24
92 39
92 72
92 82
93 0
93 8
93 16
93 32
93 48
93 56
93 64
93 88
98 25
99 0
99 6
99 18
99 33
