# 33117.149153
103
0 2
0 22
0 43
2 71
6 35
8 44
8 63
9 7
10 21
10 69
11 83
11 98
12 52
12 58
14 4
15 42
17 24
17 86
20 33
22 39
22 48
22 68
23 3
23 15
23 75
26 29
26 85
27 34
28 9
29 4
29 55
30 99
31 79
32 50
33 16
36 69
37 74
39 23
39 52
40 38
40 67
41 3
42 91
43 9
43 87
44 29
45 62
47 98
48 91
49 0
50 24
50 48
51 71
52 38
53 82
54 19
55 28
55 52
56 74
57 5
58 46
59 66
61 35
62 87
64 39
64 99
65 73
65 92
67 8
69 34
69 49
70 11
70 26
72 72
73 99
74 0
75 21
75 43
77 65
78 38
78 48
79 78
80 24
80 92
81 15
82 43
83 62
86 8
86 91
87 35
87 98
88 54
90 3
90 30
93 11
93 59
95 50
96 39
97 21
97 31
97 66
98 83
99 4
