113
0 27
0 50
3 6
3 43
4 20
4 66
4 95
5 13
5 68
6 58
6 88
7 28
8 52
9 72
10 84
11 14
11 22
14 53
15 32
17 13
18 42
19 69
19 82
20 35
20 63
20 90
20 98
22 65
23 49
25 16
25 25
26 84
28 32
28 58
28 93
29 2
32 46
32 54
33 29
33 63
34 9
35 36
36 91
38 69
40 15
40 22
40 83
41 51
42 30
42 37
43 1
43 75
43 90
45 87
47 64
48 50
48 57
49 6
49 39
52 64
53 73
54 58
54 98
55 44
57 13
57 21
57 78
57 84
61 31
62 0
62 53
62 93
63 35
63 60
63 98
65 17
66 34
66 45
66 83
68 68
69 69
70 5
71 81
72 49
74 66
74 75
75 27
77 68
77 95
77 97
78 54
79 0
81 42
82 26
82 54
82 61
83 40
83 90
87 81
89 23
90 24
90 67
91 14
92 95
94 81
95 41
96 31
96 51
97 15
97 67
98 59
99 37
99 81
