# 34311.707044
108
0 28
0 41
2 14
2 55
3 86
5 22
7 8
8 53
8 69
8 88
9 99
13 34
13 49
14 23
14 73
15 96
16 56
17 87
19 0
19 6
20 36
22 54
22 61
22 82
23 40
24 68
25 91
25 99
26 0
27 32
28 18
28 48
28 68
28 77
29 14
29 97
31 85
32 39
33 4
33 17
33 63
36 56
37 31
39 24
40 38
41 84
42 6
42 29
42 63
43 93
45 55
45 78
46 46
47 8
49 14
49 99
50 0
50 60
51 25
52 53
53 39
55 35
55 74
57 46
58 66
58 90
60 14
61 5
62 83
63 41
63 98
64 62
65 69
65 91
67 1
68 80
69 32
69 55
72 46
72 96
74 23
74 50
75 4
75 9
75 32
76 15
76 81
80 69
81 0
81 23
81 63
82 90
84 6
84 46
84 68
85 60
85 85
90 38
90 86
91 28
91 78
92 33
92 50
97 99
98 4
99 49
99 64
99 75
