109
0 60
1 3
1 39
2 89
3 32
4 46
4 74
4 99
5 41
6 55
7 11
7 80
9 20
9 85
10 3
10 59
13 14
14 56
15 17
15 77
17 92
18 71
21 8
21 49
22 33
23 67
24 0
24 4
24 88
27 15
27 25
27 50
28 43
29 70
29 80
30 62
30 99
33 85
34 15
34 56
34 76
38 3
39 34
40 59
40 89
41 11
42 25
42 51
43 77
44 33
48 9
48 83
49 23
49 49
51 47
51 80
52 10
53 40
53 66
53 88
54 64
56 44
56 71
57 25
58 19
58 83
60 11
62 7
62 69
62 77
63 22
64 26
64 97
65 55
65 97
68 53
68 60
69 0
72 30
72 38
73 97
74 58
75 83
76 76
77 35
78 7
78 83
80 18
81 10
81 97
82 61
82 91
83 2
83 49
84 4
84 70
85 24
86 47
88 56
90 86
91 27
92 38
93 24
95 83
96 58
97 43
98 5
98 72
98 98
