100
0 2
1 86
2 16
3 30
3 66
5 44
5 75
5 93
6 38
7 56
9 79
10 30
13 25
14 96
15 3
17 23
18 66
18 81
19 41
19 56
20 19
20 44
20 64
21 80
24 47
25 59
28 25
29 4
31 74
32 11
33 97
34 57
35 41
35 67
35 79
37 36
38 53
39 27
40 63
40 94
41 0
41 13
41 70
42 27
42 85
47 7
48 28
49 14
49 44
49 49
50 84
52 75
53 23
54 52
54 67
55 3
55 9
56 1
56 86
57 17
57 26
57 71
60 95
62 92
63 54
65 38
67 11
67 59
67 99
68 3
68 44
68 74
70 10
71 25
73 41
73 82
75 99
76 88
77 47
78 61
80 20
82 41
82 47
82 66
82 75
84 16
85 30
85 99
86 1
90 34
90 81
91 3
92 67
92 85
94 33
95 53
95 57
97 10
99 19
99 98
