111
0 6
0 41
0 54
0 83
1 20
5 75
6 38
6 97
7 24
8 1
9 15
10 53
12 23
14 42
14 60
15 9
17 83
18 15
18 48
19 27
19 64
21 62
23 92
25 32
27 4
28 48
28 61
29 75
31 76
31 86
32 18
32 55
34 39
35 12
35 53
37 13
37 72
39 21
39 98
40 18
41 37
42 4
42 45
42 52
43 95
45 1
46 85
47 70
49 51
50 40
51 17
51 67
53 2
53 77
54 15
57 98
58 20
59 0
59 52
59 61
60 28
60 91
60 99
63 83
65 24
65 39
66 68
66 99
67 1
67 9
70 76
71 90
72 6
72 24
72 41
72 47
73 62
74 86
75 21
76 90
77 48
79 33
80 29
80 65
80 75
81 2
81 13
82 37
82 57
84 71
85 79
86 48
86 94
87 30
89 15
89 63
89 99
90 2
90 54
90 85
93 23
94 47
95 69
96 15
96 30
96 90
97 37
97 76
98 52
98 66
99 83
