113
0 91
1 52
1 80
2 97
3 38
3 43
4 5
4 29
4 52
4 57
5 73
7 66
8 8
9 96
10 80
11 38
13 1
15 7
17 22
17 45
17 81
18 48
19 42
19 75
19 95
21 27
21 79
22 13
23 99
24 61
25 10
27 33
28 0
29 81
32 14
32 82
33 22
34 42
34 90
35 0
35 28
36 57
36 75
37 47
38 50
39 9
40 14
40 94
42 88
43 34
43 65
43 70
46 12
46 56
47 17
48 35
48 93
49 26
49 83
49 86
50 49
52 84
53 50
53 69
54 4
54 42
56 13
57 99
58 64
60 27
60 36
60 72
61 6
61 50
65 2
66 53
66 88
68 95
69 91
70 47
71 73
72 97
73 16
73 66
74 41
75 2
75 31
76 66
77 34
78 8
78 16
80 51
81 80
83 37
83 88
83 99
84 79
86 49
86 56
87 0
87 70
87 85
88 10
88 18
90 96
92 39
94 56
96 89
97 47
97 70
98 75
99 21
99 97
