# 33987.621157
108
0 0
1 70
1 96
2 13
2 36
2 77
4 22
5 61
6 36
7 53
9 0
11 82
13 33
13 62
15 47
15 71
15 99
18 23
18 54
18 89
19 30
20 75
21 68
22 44
23 1
23 85
24 59
26 5
27 36
27 91
29 14
32 59
34 10
34 31
35 38
35 70
35 93
36 24
37 26
37 52
37 80
37 84
38 61
40 66
42 40
43 11
46 61
46 82
46 97
47 46
48 9
48 15
49 71
51 29
51 53
51 68
51 86
54 15
55 46
55 62
56 22
56 30
57 99
59 0
59 54
61 40
62 81
62 91
65 24
65 57
66 77
69 43
69 95
70 9
70 29
71 70
73 81
74 28
75 14
75 74
76 0
76 95
77 34
78 17
80 41
81 60
84 31
85 90
86 38
86 46
88 3
88 21
89 70
90 56
90 96
92 77
94 0
94 24
94 42
94 87
96 56
96 99
97 8
97 15
97 73
99 30
99 32
99 93
