# 29808.290685
103
0 13
0 55
0 70
1 34
3 5
3 77
3 84
4 59
6 39
7 30
10 13
10 98
11 79
12 21
13 57
16 29
16 62
17 7
17 66
18 47
18 95
20 43
21 24
21 97
22 31
25 49
26 4
26 90
27 58
27 76
30 59
31 8
31 72
33 10
33 77
34 42
35 99
36 27
39 50
39 84
41 96
42 21
42 48
43 0
43 70
44 24
44 58
46 4
46 65
47 80
48 88
49 95
50 71
52 33
55 42
58 48
58 67
60 5
61 19
61 81
63 92
63 99
64 10
64 46
64 53
64 61
67 78
68 97
69 16
70 33
72 38
72 60
73 65
74 0
74 80
75 29
77 94
78 15
79 44
80 64
81 5
81 79
81 85
82 50
82 99
83 11
83 93
84 25
84 30
86 20
88 3
89 44
92 88
93 71
95 16
96 54
96 65
97 10
98 93
99 27
99 34
99 49
99 87
