# 74528.141585
104
0 3
0 15
0 33
0 51
0 63
0 81
0 88
2 25
2 44
2 73
2 98
4 18
4 36
4 54
4 66
4 90
6 4
6 10
6 83
8 21
8 51
8 75
10 1
10 31
10 37
10 44
10 61
10 68
10 92
10 98
12 24
14 10
14 16
14 52
14 59
14 77
14 83
14 89
16 45
18 1
18 7
18 25
18 31
18 38
18 67
18 74
18 98
20 60
22 17
22 23
22 46
22 53
22 82
22 89
22 95
24 9
26 1
26 31
26 38
26 44
26 62
26 68
26 73
26 80
28 24
28 96
30 10
30 17
30 53
30 58
30 89
32 3
32 39
32 81
34 25
34 32
34 50
34 67
34 74
34 98
36 18
36 60
38 4
38 10
38 40
38 46
38 82
38 88
38 95
42 1
42 19
42 26
42 31
42 37
42 55
42 62
42 68
42 74
42 80
44 12
44 48
44 90
47 99
51 0
