107
0 32
0 51
0 58
2 2
2 86
4 18
4 44
4 81
5 10
6 56
7 38
10 28
10 85
11 58
11 99
12 4
14 66
15 94
16 61
17 28
17 35
17 52
17 99
18 20
20 6
21 87
23 15
23 48
25 56
26 64
26 73
28 82
30 2
31 33
32 22
32 59
33 18
34 44
34 52
34 97
35 4
36 36
39 13
41 74
44 68
45 34
46 63
47 25
48 14
48 15
48 48
48 51
50 89
51 54
51 73
52 43
54 96
56 29
59 0
59 57
59 75
59 92
60 4
60 43
60 66
61 31
63 83
64 14
66 61
68 0
70 28
72 12
72 42
72 99
73 88
74 3
74 74
75 27
75 43
75 49
75 59
77 85
78 11
78 28
79 92
82 86
83 22
83 61
83 71
84 14
86 46
87 92
88 0
89 32
89 55
90 41
90 74
91 49
92 9
93 18
93 59
94 74
96 89
97 82
98 11
99 22
99 68
