# 33744.729150
105
0 18
0 53
0 74
1 78
2 97
3 0
3 11
3 36
4 70
5 60
6 30
7 15
7 46
9 84
12 87
13 33
14 49
14 55
15 60
18 30
18 46
21 20
21 74
22 8
23 3
23 72
23 85
24 44
25 17
25 25
25 68
26 82
26 91
28 34
30 57
31 19
31 60
33 37
34 28
35 54
36 78
36 96
38 92
39 22
40 68
41 41
41 50
41 76
42 4
42 19
42 83
43 97
44 28
45 9
46 45
47 3
47 34
48 63
48 80
52 88
56 18
58 32
58 90
60 46
60 55
60 72
60 88
61 0
61 36
62 10
62 20
63 76
64 96
65 6
65 64
66 50
68 42
71 21
72 10
73 35
74 62
74 85
75 93
76 30
76 39
77 16
77 79
78 0
80 53
81 97
82 34
84 86
85 51
85 72
88 14
89 80
90 31
90 58
92 72
94 42
96 60
99 25
99 50
99 69
99 74
