# 33801.303486
109
0 2
0 39
0 64
1 21
1 97
2 88
3 7
3 47
3 83
6 39
8 17
8 47
9 3
9 98
10 25
10 86
12 64
14 78
15 30
15 60
17 50
18 74
19 13
20 2
22 46
22 77
23 37
24 96
26 6
26 15
26 47
26 86
27 63
28 93
29 29
31 54
32 99
33 76
34 1
35 22
37 29
37 36
38 41
40 50
40 57
40 72
41 86
42 19
42 65
46 89
47 72
47 99
48 0
50 23
50 49
51 4
51 30
54 73
55 87
56 36
56 54
56 60
56 99
57 22
60 92
61 8
61 77
62 41
62 68
62 74
63 17
64 24
65 35
66 49
66 82
67 0
70 15
71 20
71 52
72 66
73 98
74 89
76 30
77 73
78 94
79 71
80 47
80 54
81 6
81 15
81 78
82 29
85 55
86 62
86 87
87 41
89 3
89 16
90 33
90 80
92 89
93 60
95 66
95 98
96 84
97 4
99 27
99 50
99 76
