# 33572.659727
109
0 0
0 8
0 31
0 59
0 67
2 73
3 23
5 0
5 30
5 45
6 87
7 14
7 95
8 55
9 72
11 21
12 50
14 3
14 81
14 99
15 10
16 76
18 37
20 27
21 3
21 99
22 12
22 60
22 80
23 41
25 20
25 65
26 46
28 79
29 4
29 19
30 46
30 88
31 96
34 9
34 24
34 31
34 72
34 83
37 59
38 38
39 66
42 12
43 1
43 35
44 73
45 59
45 94
46 1
47 40
48 15
48 73
48 82
49 20
49 51
51 99
54 22
55 48
56 11
56 28
57 86
58 4
58 72
59 64
61 35
62 10
62 86
64 49
65 66
67 71
69 34
70 97
71 25
72 0
72 8
72 90
73 62
74 55
76 76
76 84
77 8
77 36
80 3
80 25
80 59
84 49
84 77
84 98
85 21
85 29
86 7
86 43
86 63
86 91
90 29
90 82
91 99
94 10
94 43
97 66
98 60
99 0
99 18
99 80
