# 33646.778794
106
0 20
0 87
1 28
2 65
3 14
3 37
3 73
5 70
8 52
10 9
10 56
10 87
13 0
14 46
14 73
15 15
16 26
17 90
20 70
20 76
20 98
21 33
21 44
22 16
23 19
24 59
24 84
25 50
27 2
27 67
29 32
30 18
30 97
31 40
31 59
33 90
35 0
36 13
36 68
36 76
38 34
38 79
39 48
39 93
40 29
41 71
42 0
42 15
42 85
44 21
44 66
45 43
45 61
46 47
46 78
47 36
48 44
50 18
53 96
56 5
58 23
58 91
59 53
59 62
59 82
60 29
60 44
61 38
63 9
63 67
64 2
65 40
68 25
68 93
69 64
71 8
71 53
73 57
74 89
75 26
75 75
75 96
77 92
78 1
78 71
80 34
82 94
83 43
83 67
85 29
87 47
88 5
88 12
88 70
89 21
89 56
90 84
91 79
91 87
95 25
97 45
97 62
98 84
99 3
99 67
99 99
