# 47511.677641
136
0 1
0 6
0 27
0 37
0 49
0 56
0 72
0 91
0 98
1 20
2 54
2 77
7 0
7 29
8 7
8 68
8 91
9 21
9 38
9 61
11 47
12 77
12 99
17 39
17 79
17 99
18 17
18 61
19 82
20 6
20 47
22 0
22 31
22 67
22 89
23 23
27 89
28 7
28 30
28 51
28 97
29 2
29 71
30 16
30 37
32 57
33 79
35 43
35 96
37 79
37 99
38 18
38 40
38 61
38 71
40 26
41 91
42 8
42 47
43 0
43 75
45 33
47 29
48 0
48 8
48 61
49 91
51 19
51 77
52 37
52 47
52 67
53 99
54 84
57 2
58 18
58 51
58 67
58 90
59 41
59 81
61 27
62 10
62 57
62 97
63 0
65 72
68 11
68 41
68 57
69 1
69 27
70 82
71 99
72 47
72 68
72 87
73 19
76 14
76 51
78 1
78 28
78 78
79 67
79 87
80 46
81 19
81 98
82 7
82 38
82 60
87 85
88 59
90 36
91 7
92 0
92 21
92 50
92 77
92 99
93 29
93 69
93 89
95 46
97 1
97 91
98 15
98 20
99 6
99 32
99 37
99 52
99 61
99 72
99 76
99 99
