100
0 3
0 42
0 57
0 67
0 77
0 88
2 10
2 15
2 20
2 25
2 30
2 35
2 50
2 95
4 53
5 2
5 42
5 68
5 83
7 60
7 75
7 90
10 2
10 13
10 23
10 33
10 43
10 53
10 67
10 82
13 95
15 2
15 27
15 38
15 48
15 63
15 72
15 88
17 10
17 20
17 80
18 15
18 55
20 43
20 93
22 5
22 25
22 35
22 65
22 70
23 0
23 30
23 50
23 60
23 75
23 85
25 17
25 42
27 90
28 10
28 55
28 80
28 95
30 2
30 17
30 27
30 37
30 47
30 63
30 72
30 88
49 2
49 13
49 23
49 33
49 42
70 7
70 17
70 22
70 32
70 42
70 58
70 67
70 73
70 83
70 92
72 50
72 72
73 0
79 18
80 4
80 32
80 43
88 19
90 2
92 45
95 43
96 18
96 35
98 9
