104
0 40
1 16
1 56
1 80
2 31
2 34
4 64
7 1
7 48
8 55
8 71
9 17
14 47
15 50
16 22
16 74
17 92
18 33
18 82
20 7
22 42
22 49
22 60
22 64
23 22
23 35
28 2
28 59
28 83
29 8
29 29
31 88
32 39
33 85
36 59
36 66
36 71
37 4
37 19
37 44
38 41
39 63
39 96
42 99
43 79
44 12
44 27
45 19
45 32
46 55
47 47
49 53
51 32
51 71
52 45
54 68
57 40
57 86
58 9
59 13
59 28
59 97
60 71
60 82
62 55
64 22
65 36
65 41
65 65
65 88
67 51
67 81
69 0
70 87
71 42
73 3
74 10
75 5
75 98
78 19
80 59
80 97
81 28
81 53
81 76
81 91
82 42
83 25
86 33
86 56
89 4
89 93
91 81
95 67
95 74
95 96
96 6
96 12
96 48
97 96
98 26
98 42
98 81
99 58
