# 26374.651469
84
0 22
0 29
0 61
2 7
2 43
4 43
6 16
7 2
7 8
8 30
12 13
12 44
14 21
14 30
15 94
16 35
17 18
17 49
18 55
18 74
20 41
21 4
21 89
22 23
23 28
29 41
29 46
30 27
31 12
31 24
31 42
32 76
33 55
34 62
34 65
35 99
36 28
36 40
37 11
38 94
40 13
40 78
42 2
44 28
44 48
44 52
46 8
46 38
48 0
48 72
49 62
51 15
51 24
54 88
55 49
57 74
59 44
61 53
63 10
67 2
68 43
69 54
70 68
70 80
72 21
72 28
72 63
79 80
83 8
84 55
86 15
86 30
88 83
89 58
91 8
91 72
92 2
92 43
94 66
98 28
99 0
99 21
99 72
99 98
