# 33967.751208
104
0 52
3 61
6 97
7 10
7 51
7 83
8 16
9 0
9 36
11 77
12 60
16 40
18 58
19 18
19 25
22 11
24 84
24 91
25 44
25 49
26 2
27 65
29 85
30 71
31 51
31 97
32 31
33 21
34 65
35 5
36 12
36 58
37 29
39 75
40 5
41 20
41 62
42 48
42 53
43 82
45 96
45 99
47 68
49 44
50 4
50 53
50 90
52 30
53 23
53 38
53 70
56 57
57 81
57 88
58 16
58 21
58 71
59 4
59 36
59 57
60 43
60 99
64 54
65 13
66 61
66 76
67 69
67 99
69 47
71 27
71 70
71 78
72 17
73 37
73 53
75 23
75 31
75 87
77 8
78 48
79 54
81 39
81 82
82 68
82 88
83 92
85 3
86 13
86 60
87 23
88 38
88 74
90 15
91 99
93 58
94 49
96 28
96 89
97 79
98 35
99 4
99 26
99 71
99 98
