105
0 78
1 30
1 33
1 81
2 11
2 61
2 96
6 47
6 81
9 46
12 49
13 20
13 66
13 85
15 34
16 29
17 4
17 23
18 9
20 99
22 86
23 55
24 30
25 55
25 93
26 41
27 48
27 86
28 7
28 14
30 33
32 7
33 42
34 97
36 14
36 77
38 21
38 58
38 63
40 91
41 0
41 84
44 21
44 94
45 88
46 0
46 70
47 43
48 10
50 72
52 65
53 8
53 33
54 24
55 67
57 33
57 80
58 53
59 98
61 1
61 48
61 83
62 7
64 34
65 25
65 92
66 41
68 56
68 98
70 8
70 19
71 66
71 82
74 23
75 80
76 45
76 82
78 6
78 60
80 65
81 39
82 0
82 46
82 95
84 5
84 15
84 58
84 99
85 19
89 72
90 24
90 34
90 41
90 51
91 94
93 82
94 4
96 48
96 67
97 73
97 81
98 28
98 59
99 2
99 96
