# 32569.028912
107
0 0
0 26
1 99
2 16
3 59
4 23
4 45
5 7
5 79
7 31
9 54
9 62
11 13
12 27
15 68
17 83
18 0
18 42
18 73
19 11
19 93
21 20
21 25
22 40
23 50
25 6
26 20
26 54
27 99
31 36
32 3
32 67
32 71
33 96
35 4
36 22
36 39
37 49
37 53
38 0
39 80
39 96
40 32
41 60
43 12
43 80
45 37
45 94
46 66
46 74
49 2
49 99
50 8
50 29
50 36
51 50
52 53
54 22
56 0
56 25
57 83
58 50
58 58
60 90
62 64
63 78
63 85
64 5
64 30
64 37
65 45
67 16
68 0
69 12
69 69
70 50
72 31
72 61
74 5
75 56
77 75
78 31
78 95
79 35
80 49
82 3
82 58
83 22
84 40
86 64
87 11
90 23
91 45
91 83
92 99
95 79
96 2
97 93
98 16
98 36
98 65
98 85
99 0
99 26
99 57
99 76
99 99
