104
0 6
0 86
1 67
2 95
3 51
5 31
6 19
6 81
6 99
9 75
9 88
10 22
10 49
10 67
11 4
13 13
15 43
16 8
16 88
18 73
19 36
19 60
24 54
24 99
25 29
27 35
28 63
29 18
29 57
30 23
30 83
33 43
34 17
35 5
35 84
36 11
36 36
36 70
37 25
37 93
42 65
42 98
44 6
44 72
45 81
45 94
46 37
47 27
47 45
48 12
48 52
49 3
50 85
51 22
51 95
52 81
54 49
54 66
55 59
56 16
59 97
60 36
61 21
62 63
63 12
63 55
64 4
64 46
64 89
65 28
65 96
69 49
70 9
70 63
73 86
74 28
74 71
75 46
75 79
77 57
77 64
78 10
78 21
78 37
80 3
80 5
82 40
83 21
85 62
87 54
87 88
89 1
89 80
90 18
90 86
90 91
91 66
94 96
95 5
95 72
96 28
96 50
98 55
98 82
