104
0 69
1 32
2 4
2 46
2 97
4 11
6 77
7 53
8 52
10 16
11 21
11 30
11 60
11 82
12 1
12 85
16 55
16 64
17 34
18 81
19 6
23 95
24 37
25 23
26 65
26 88
27 18
27 79
29 49
29 80
30 50
32 20
32 40
32 59
32 94
33 8
33 75
36 35
37 54
37 97
38 49
39 7
41 16
41 72
42 30
44 51
46 57
46 97
47 4
48 18
48 43
48 76
50 32
51 38
52 70
55 54
56 61
57 75
58 47
59 33
59 83
62 3
62 22
62 93
62 97
64 29
65 34
66 63
67 21
67 51
67 77
69 49
69 79
70 65
70 93
71 71
73 3
73 13
76 21
77 35
77 92
81 0
81 36
81 52
83 18
83 48
83 84
84 62
85 22
85 32
85 76
87 36
89 71
90 81
91 89
91 96
94 46
97 25
98 5
98 67
99 23
99 44
99 81
99 93
