# 32235.822275
105
0 0
0 12
0 36
1 21
2 65
2 93
4 82
5 0
6 43
8 7
9 33
10 52
11 21
11 80
12 66
12 75
13 56
15 12
16 27
16 94
17 8
17 37
18 99
20 63
20 90
21 77
23 35
24 97
25 7
25 43
26 21
27 57
28 78
31 4
31 30
33 99
34 22
34 86
38 46
38 66
38 99
39 2
40 27
40 92
41 16
41 84
43 60
46 30
47 10
47 35
48 52
50 4
50 79
50 85
51 15
53 70
54 50
54 93
54 99
57 21
58 66
60 26
61 58
63 52
64 22
65 34
66 78
67 3
68 95
69 32
71 74
72 99
75 39
76 10
76 82
76 88
76 97
77 15
77 53
78 21
80 32
80 56
81 0
83 66
84 23
84 85
85 50
85 71
86 27
87 0
87 9
89 41
90 66
90 93
93 14
93 87
94 34
95 5
95 28
96 72
99 10
99 20
99 48
99 58
99 67
