# 34192.165856
108
0 41
0 47
0 71
0 99
3 25
3 78
5 92
8 59
8 86
9 41
12 37
12 66
14 9
14 13
14 51
17 23
17 45
17 80
18 30
18 56
18 98
19 73
22 48
24 93
26 5
26 39
26 68
27 19
29 0
29 20
29 53
29 88
30 64
31 24
32 36
32 81
36 4
36 50
37 62
40 79
41 96
42 11
42 26
42 33
43 64
43 90
44 56
45 74
46 18
49 34
50 92
51 29
51 59
52 22
52 48
54 73
56 7
57 13
57 43
57 62
58 35
59 71
59 80
60 86
62 6
63 29
63 98
65 13
65 79
66 51
68 65
69 82
70 51
71 0
71 41
72 51
72 99
73 19
73 93
74 68
75 74
76 36
77 22
78 99
79 12
80 18
80 40
82 61
84 8
84 83
85 60
85 93
86 53
87 46
88 25
89 2
89 74
90 45
92 27
94 41
94 93
95 70
98 14
98 76
99 0
99 44
99 59
99 90
