115
0 10
0 18
0 48
0 55
0 77
1 27
3 13
3 63
3 69
4 34
4 41
6 32
7 14
7 89
10 0
10 65
12 46
12 88
13 42
14 54
16 50
17 91
18 33
18 40
19 77
21 16
23 0
25 34
25 74
26 90
27 21
28 20
28 97
30 51
32 5
32 69
34 53
35 45
35 61
36 21
37 4
37 9
37 55
39 24
39 31
40 40
40 66
40 84
41 88
43 20
43 60
44 15
46 1
47 74
48 52
49 68
50 41
50 46
50 99
51 57
52 6
52 32
53 26
53 50
54 1
57 23
58 62
59 9
59 13
59 84
60 0
60 94
61 80
62 70
63 29
64 37
64 85
66 43
66 61
67 27
67 51
68 38
69 71
70 13
71 69
73 11
75 76
75 84
76 0
77 28
78 48
80 81
81 58
81 89
83 26
84 29
84 44
84 72
86 50
87 68
88 8
89 13
90 85
91 99
92 3
92 31
92 54
92 72
94 11
94 96
95 45
96 80
98 1
98 31
98 59
