111
0 61
1 38
1 66
3 14
3 44
4 52
4 84
6 66
10 1
11 11
12 40
12 98
13 55
14 5
14 84
15 31
16 69
17 76
17 83
18 14
20 36
21 24
22 51
25 9
25 93
27 52
27 99
28 8
28 50
29 25
29 36
29 75
30 70
31 94
32 15
32 72
33 97
35 10
36 68
36 83
39 53
39 91
40 34
40 60
41 84
43 24
43 30
45 98
46 1
46 7
46 68
47 21
49 37
49 96
50 44
51 25
51 63
51 74
51 82
54 39
55 12
57 50
57 69
58 32
59 17
59 84
59 86
61 64
63 99
64 46
64 56
65 50
66 0
66 70
67 84
68 38
70 22
71 8
71 43
71 53
71 63
72 30
73 91
74 23
74 36
74 99
75 2
77 72
78 44
78 62
80 10
81 48
81 79
84 2
85 59
87 11
88 26
89 53
89 93
90 36
92 20
93 63
95 71
96 14
97 0
97 23
97 41
97 95
98 48
98 77
99 57
