112
1 95
2 20
3 34
4 55
4 87
5 19
5 79
6 4
6 62
7 48
8 27
9 70
10 8
12 34
14 86
15 99
16 15
17 63
18 39
18 72
19 29
19 96
20 0
21 58
22 47
22 63
23 15
23 79
26 74
28 88
29 30
29 98
31 51
32 19
32 59
32 68
34 5
34 29
34 35
36 95
38 12
39 88
40 76
41 38
45 48
46 52
47 15
47 19
47 44
47 62
47 66
47 71
49 1
49 30
49 89
51 98
52 80
54 91
55 1
55 16
55 32
55 37
55 83
56 59
56 94
59 46
60 55
60 77
61 69
63 2
63 34
65 48
66 20
66 64
67 26
68 10
68 92
69 86
70 56
73 42
74 4
74 13
75 50
75 71
76 64
77 36
77 73
77 80
78 38
78 90
79 81
80 19
81 98
83 1
83 29
84 15
84 51
85 61
89 7
89 58
90 21
92 44
92 68
93 89
95 30
96 59
96 75
98 16
98 35
98 96
99 8
99 60
