# 34397.126384
108
0 0
0 5
0 26
0 33
0 90
1 12
2 19
2 53
5 71
7 60
10 15
10 36
10 52
11 42
11 66
12 80
14 32
14 94
15 9
17 23
18 85
19 17
19 39
20 53
20 71
21 3
24 93
25 4
25 23
25 67
29 64
30 85
31 99
32 5
32 28
33 94
34 64
34 82
37 34
38 96
39 0
39 6
40 20
40 51
43 15
43 37
43 67
44 81
47 88
48 33
50 98
51 19
52 12
53 5
53 40
53 92
56 73
58 6
58 47
58 77
60 64
61 40
61 55
63 73
63 92
64 25
65 1
67 26
67 60
69 12
69 79
69 99
72 2
72 27
72 43
72 75
72 91
76 15
76 49
76 82
76 98
77 65
77 74
79 0
79 96
81 59
82 33
82 88
84 27
85 19
85 69
85 99
86 26
88 62
89 42
90 9
91 77
91 88
91 95
92 56
94 53
95 25
98 5
99 20
99 32
99 42
99 72
99 98
