# 35331.567007
110
0 87
1 69
2 59
3 77
7 23
7 53
8 2
8 63
8 95
9 9
10 29
11 74
12 19
12 83
14 9
16 66
17 25
17 59
18 42
19 37
19 91
22 45
23 62
24 97
25 0
27 31
28 26
29 12
29 17
29 78
31 0
31 28
32 55
33 47
33 69
34 83
37 91
38 62
39 41
39 52
40 1
40 69
42 84
43 8
43 27
43 46
44 17
45 3
45 25
45 31
49 42
49 62
50 11
51 89
52 59
53 47
54 98
55 0
55 19
55 68
58 16
58 50
58 76
62 0
62 36
63 22
64 49
64 81
65 99
66 4
66 28
66 62
68 88
70 1
70 64
72 81
75 49
76 14
76 35
76 38
78 76
79 52
79 68
79 97
80 56
81 4
81 82
82 22
83 91
85 11
85 59
87 26
87 65
88 97
90 86
92 6
93 13
93 47
93 62
93 72
93 91
94 30
96 80
97 44
98 3
98 99
99 34
99 60
99 75
99 85
