108
0 54
0 83
2 27
2 78
3 19
3 97
4 56
5 34
5 64
8 71
8 96
9 13
11 99
12 38
13 6
13 52
14 80
15 66
17 74
17 85
18 24
19 44
21 58
22 5
24 43
25 29
25 90
27 51
27 87
28 60
29 59
30 91
32 31
33 77
34 18
34 74
35 13
35 46
37 40
38 60
39 69
43 97
46 26
46 83
48 89
48 99
49 11
49 50
51 3
51 80
52 13
52 62
52 66
54 76
55 38
56 52
56 86
57 33
58 0
58 99
60 61
60 79
61 23
62 64
64 39
66 3
66 56
66 64
67 84
68 20
68 78
69 0
71 60
72 35
72 45
73 5
73 85
74 89
76 20
77 73
78 64
78 88
79 10
80 2
81 42
81 57
82 81
83 16
83 26
83 95
86 42
86 59
87 1
87 6
88 90
90 22
90 30
92 66
92 84
93 8
94 98
96 49
97 24
97 76
98 34
98 58
99 9
99 79
