113
0 5
0 51
0 65
0 81
1 43
1 89
1 95
2 20
2 35
4 12
7 52
8 67
9 19
9 37
10 0
10 87
11 61
13 59
14 80
16 0
16 44
17 22
18 64
18 95
19 43
19 98
22 8
24 48
25 26
25 91
28 71
30 63
30 85
31 26
32 58
33 44
35 0
36 17
36 58
36 94
37 39
40 31
42 14
42 45
42 76
42 94
43 0
44 79
44 90
45 69
46 28
48 37
49 2
49 47
49 51
50 13
52 56
53 92
54 68
55 37
57 86
58 18
58 77
60 71
62 39
62 94
63 6
64 0
64 17
66 38
67 23
67 63
67 91
69 40
71 9
71 31
72 17
72 82
73 57
74 78
76 74
76 79
77 25
77 52
79 11
79 83
80 5
80 36
80 97
82 19
82 75
83 1
84 39
85 11
85 33
85 90
86 50
86 96
88 65
89 60
92 46
92 51
94 29
94 37
94 88
95 0
96 22
96 23
96 81
96 99
97 7
97 11
99 70
