# 43405.347026
124
0 2
0 22
0 50
0 59
0 68
0 79
0 96
2 28
2 36
5 17
5 71
8 10
8 41
8 91
10 0
10 48
11 31
12 17
14 65
14 93
14 99
15 59
16 12
16 45
16 85
17 79
18 0
18 30
20 20
20 49
21 63
22 79
23 8
25 34
27 17
28 43
28 66
28 95
30 7
30 49
30 73
31 29
32 1
32 31
32 91
34 21
34 46
36 70
37 6
37 55
38 27
38 85
41 19
41 87
41 99
42 20
42 38
42 41
45 52
45 59
45 67
46 4
46 81
47 11
49 45
50 0
52 10
52 28
52 77
54 93
56 21
56 43
57 49
59 35
59 70
59 88
59 99
60 5
61 13
61 66
62 27
62 56
63 92
64 1
64 76
66 9
66 33
67 82
70 0
70 55
72 17
72 77
73 69
74 40
75 10
75 36
76 54
77 60
78 19
78 91
79 25
80 31
81 5
83 83
84 54
84 69
84 95
85 9
88 43
89 35
90 3
90 67
91 17
91 52
92 81
94 9
94 34
94 89
96 71
97 48
99 1
99 19
99 65
99 99
