# 31735.881195
104
0 7
0 11
1 62
1 85
2 33
3 47
4 68
5 77
8 99
9 42
10 17
10 21
10 85
13 52
14 6
14 28
15 70
16 20
18 56
20 2
20 5
21 66
23 39
23 74
24 98
25 22
26 36
27 0
27 53
27 83
31 14
31 77
32 37
32 62
34 1
34 17
34 84
35 76
37 10
37 32
37 58
38 93
38 99
40 25
41 63
42 49
42 68
44 45
44 86
45 54
45 97
46 9
46 31
47 0
47 90
48 16
48 23
49 40
51 73
54 86
55 3
55 76
57 62
59 50
60 26
60 84
61 99
63 7
63 17
63 25
63 35
65 66
68 99
69 61
70 80
71 47
73 32
74 8
74 51
74 66
74 86
75 43
77 14
77 24
78 0
78 98
79 80
82 89
83 31
83 55
84 98
86 17
88 3
88 26
91 11
92 44
93 66
95 22
96 84
98 40
98 91
99 23
99 49
99 77
