118
0 29
0 51
1 26
1 69
1 99
2 7
2 37
4 85
5 5
5 29
5 54
6 71
6 89
8 63
9 12
9 40
10 49
10 86
14 18
14 90
15 1
15 27
15 76
17 99
19 34
20 73
22 2
23 35
24 15
24 42
25 59
26 18
26 82
27 97
28 99
29 34
29 71
30 1
32 81
33 85
34 15
34 48
35 8
35 65
36 29
36 42
37 56
41 10
41 46
41 93
42 24
42 28
44 69
45 94
46 62
48 80
48 84
49 11
49 22
50 40
51 28
54 60
55 0
55 97
56 83
57 9
58 65
59 23
60 59
60 99
61 73
62 28
63 81
64 14
64 37
65 22
65 97
66 0
66 30
67 51
70 0
72 8
72 40
73 17
74 36
74 47
74 58
75 92
76 62
78 15
78 21
79 42
81 99
83 24
83 76
83 95
84 48
84 92
85 2
85 81
86 9
88 16
88 31
88 39
90 61
91 8
92 80
93 59
93 66
96 59
97 35
97 42
98 21
98 28
98 66
98 87
99 7
99 73
