106
0 81
1 29
3 66
5 86
5 96
8 27
9 10
9 41
10 3
10 21
13 37
13 56
13 94
15 6
16 77
18 62
20 27
20 79
21 20
21 57
21 99
22 4
22 34
22 71
23 95
26 62
27 51
29 22
29 87
30 0
30 37
30 46
30 72
30 78
30 96
32 69
33 14
36 23
36 64
37 28
37 92
39 7
39 75
39 99
42 57
43 43
43 85
45 0
46 42
46 71
48 63
49 11
49 56
51 25
53 95
54 99
56 10
58 28
58 34
60 88
61 73
62 35
62 46
65 60
65 67
66 6
67 1
67 92
67 93
68 22
69 19
70 53
72 33
73 15
73 48
73 97
74 18
74 54
75 80
78 40
79 72
80 66
81 3
81 36
84 44
84 88
85 18
86 27
86 58
87 13
87 65
88 51
88 72
89 86
91 3
92 22
92 32
96 38
96 53
96 65
97 10
98 46
98 87
99 5
99 73
99 97
