106
0 74
1 38
1 93
2 22
2 56
2 79
3 60
4 8
4 37
5 0
5 45
8 55
10 21
15 89
15 98
16 75
18 12
18 53
20 47
20 75
21 61
22 83
24 16
24 34
24 40
25 26
26 88
26 98
28 0
29 63
31 78
32 22
34 46
35 60
35 76
37 66
38 11
38 32
39 46
39 77
40 93
41 84
42 7
42 25
43 2
43 47
45 16
46 31
46 55
48 45
48 66
48 78
48 99
51 57
51 88
52 31
54 97
55 83
55 91
56 20
58 3
58 63
59 6
60 13
61 34
61 92
62 20
62 41
62 48
62 56
63 27
64 68
64 78
66 42
66 60
68 98
69 80
71 27
71 53
72 13
72 69
73 75
76 46
78 60
78 66
80 7
80 40
81 25
82 87
82 94
84 21
84 79
85 57
87 64
87 93
89 38
92 65
94 37
94 73
95 81
96 66
97 37
98 51
98 87
99 16
99 23
