# 35231.954036
111
0 0
0 57
0 82
1 17
1 29
1 74
2 43
5 4
5 24
6 34
7 50
8 69
9 41
9 93
10 10
11 86
13 64
15 18
16 13
16 23
17 81
19 59
20 3
20 27
20 50
22 99
25 0
25 35
27 71
28 4
29 38
29 99
31 49
31 79
32 19
33 16
33 39
33 65
34 71
35 24
35 54
37 85
37 95
39 6
39 21
40 38
40 77
41 68
42 91
44 27
45 8
45 41
45 52
48 61
50 11
50 79
52 0
52 55
53 20
53 29
53 70
54 41
56 84
57 60
57 76
58 15
58 23
59 37
59 98
62 66
64 0
64 10
64 90
65 44
67 27
67 35
67 50
69 6
70 66
70 89
71 45
71 81
72 20
73 56
73 95
75 21
77 6
77 68
79 82
81 30
82 58
82 98
84 37
85 48
86 72
87 63
87 88
88 15
88 78
90 41
92 20
94 36
94 55
95 75
96 60
96 99
97 12
97 82
97 94
99 0
99 26
