# 37469.118556
106
0 0
0 5
0 23
0 31
1 14
4 0
4 29
6 70
7 15
10 61
10 79
13 54
13 86
14 6
14 21
14 28
15 0
17 14
17 70
20 22
20 62
20 78
21 5
21 29
22 0
23 43
23 85
24 57
27 15
27 71
30 0
30 29
34 23
36 6
36 28
37 0
37 42
37 46
47 60
48 15
48 76
49 95
51 24
52 86
53 9
54 43
54 77
55 48
56 31
56 71
57 38
57 57
57 91
59 2
60 98
61 22
63 89
64 7
64 30
64 66
65 75
66 16
67 92
68 47
69 58
69 67
70 21
70 76
70 84
72 42
72 52
73 90
74 99
78 6
78 25
79 65
81 96
82 42
83 11
83 73
84 19
84 28
84 51
84 79
85 36
85 59
85 65
86 0
87 87
89 55
89 98
90 81
91 12
91 73
92 22
92 40
93 26
94 31
95 0
95 7
95 54
97 45
97 86
98 15
98 77
99 60
