100
0 7
2 43
2 53
4 39
6 22
8 57
10 39
10 66
11 88
12 32
14 4
14 80
15 1
17 90
18 36
21 2
21 17
22 99
23 54
24 74
25 38
26 88
27 59
27 77
28 20
29 0
29 15
29 79
30 56
31 42
31 70
33 21
33 39
33 50
33 80
33 90
34 35
35 65
37 94
38 4
42 91
43 2
43 49
43 78
44 32
45 3
45 29
45 65
46 56
47 77
48 18
49 63
50 84
51 95
52 28
54 17
54 47
54 62
57 80
57 90
58 76
59 33
60 57
62 40
63 18
64 94
65 22
67 70
69 14
72 78
73 73
75 33
75 46
75 57
75 68
76 0
77 14
77 75
78 49
79 26
81 95
82 70
82 90
84 4
84 46
85 32
90 69
91 17
91 93
92 8
92 60
93 79
95 36
97 53
97 74
98 44
99 29
99 58
99 90
99 97
